Using pre-set license
Built from '2021.3/staging' branch; Version is '2021.3.9f1 (ad3870b89536) revision 11352176'; Using compiler version '192829333'; Build Type 'Release'
OS: 'Windows 11  (10.0.22621) 64bit Core' Language: 'en' Physical Memory: 16088 MB
BatchMode: 1, IsHumanControllingUs: 0, StartBugReporterOnCrash: 0, Is64bit: 1, IsPro: 1

COMMAND LINE ARGUMENTS:
C:\Program Files\Unity\Hub\Editor\2021.3.9f1\Editor\Unity.exe
-adb2
-batchMode
-noUpm
-name
AssetImportWorker15
-projectPath
C:/Users/chris/CoolTester1
-logFile
Logs/AssetImportWorker15.log
-srvPort
52332
Successfully changed project path to: C:/Users/chris/CoolTester1
C:/Users/chris/CoolTester1
[UnityMemory] Configuration Parameters - Can be set up in boot.config
    "memorysetup-bucket-allocator-granularity=16"
    "memorysetup-bucket-allocator-bucket-count=8"
    "memorysetup-bucket-allocator-block-size=33554432"
    "memorysetup-bucket-allocator-block-count=8"
    "memorysetup-main-allocator-block-size=16777216"
    "memorysetup-thread-allocator-block-size=16777216"
    "memorysetup-gfx-main-allocator-block-size=16777216"
    "memorysetup-gfx-thread-allocator-block-size=16777216"
    "memorysetup-cache-allocator-block-size=4194304"
    "memorysetup-typetree-allocator-block-size=2097152"
    "memorysetup-profiler-bucket-allocator-granularity=16"
    "memorysetup-profiler-bucket-allocator-bucket-count=8"
    "memorysetup-profiler-bucket-allocator-block-size=33554432"
    "memorysetup-profiler-bucket-allocator-block-count=8"
    "memorysetup-profiler-allocator-block-size=16777216"
    "memorysetup-profiler-editor-allocator-block-size=1048576"
    "memorysetup-temp-allocator-size-main=16777216"
    "memorysetup-job-temp-allocator-block-size=2097152"
    "memorysetup-job-temp-allocator-block-size-background=1048576"
    "memorysetup-job-temp-allocator-reduction-small-platforms=262144"
    "memorysetup-temp-allocator-size-background-worker=32768"
    "memorysetup-temp-allocator-size-job-worker=262144"
    "memorysetup-temp-allocator-size-preload-manager=33554432"
    "memorysetup-temp-allocator-size-nav-mesh-worker=65536"
    "memorysetup-temp-allocator-size-audio-worker=65536"
    "memorysetup-temp-allocator-size-cloud-worker=32768"
    "memorysetup-temp-allocator-size-gi-baking-worker=262144"
    "memorysetup-temp-allocator-size-gfx=262144"
Refreshing native plugins compatible for Editor in 95.78 ms, found 3 plugins.
Preloading 0 native plugins for Editor in 0.00 ms.
Initialize engine version: 2021.3.9f1 (ad3870b89536)
[Subsystems] Discovering subsystems at path C:/Program Files/Unity/Hub/Editor/2021.3.9f1/Editor/Data/Resources/UnitySubsystems
[Subsystems] Discovering subsystems at path C:/Users/chris/CoolTester1/Assets
GfxDevice: creating device client; threaded=0; jobified=0
Direct3D:
    Version:  Direct3D 11.0 [level 11.1]
    Renderer: NVIDIA GeForce RTX 3060 Laptop GPU (ID=0x2520)
    Vendor:   NVIDIA
    VRAM:     6023 MB
    Driver:   30.0.15.1274
Initialize mono
Mono path[0] = 'C:/Program Files/Unity/Hub/Editor/2021.3.9f1/Editor/Data/Managed'
Mono path[1] = 'C:/Program Files/Unity/Hub/Editor/2021.3.9f1/Editor/Data/MonoBleedingEdge/lib/mono/unityjit-win32'
Mono config path = 'C:/Program Files/Unity/Hub/Editor/2021.3.9f1/Editor/Data/MonoBleedingEdge/etc'
Using monoOptions --debugger-agent=transport=dt_socket,embedding=1,server=y,suspend=n,address=127.0.0.1:56408
Begin MonoManager ReloadAssembly
Registering precompiled unity dll's ...
Register platform support module: C:/Program Files/Unity/Hub/Editor/2021.3.9f1/Editor/Data/PlaybackEngines/WebGLSupport/UnityEditor.WebGL.Extensions.dll
Register platform support module: C:/Program Files/Unity/Hub/Editor/2021.3.9f1/Editor/Data/PlaybackEngines/AndroidPlayer/UnityEditor.Android.Extensions.dll
Register platform support module: C:/Program Files/Unity/Hub/Editor/2021.3.9f1/Editor/Data/PlaybackEngines/iOSSupport/UnityEditor.iOS.Extensions.dll
Register platform support module: C:/Program Files/Unity/Hub/Editor/2021.3.9f1/Editor/Data/PlaybackEngines/WindowsStandaloneSupport/UnityEditor.WindowsStandalone.Extensions.dll
Register platform support module: C:/Program Files/Unity/Hub/Editor/2021.3.9f1/Editor/Data/PlaybackEngines/MetroSupport/UnityEditor.UWP.Extensions.dll
Registered in 0.005903 seconds.
Native extension for UWP target not found
Native extension for WindowsStandalone target not found
[usbmuxd] Start listen thread
[usbmuxd] Listen thread started
Native extension for iOS target not found
Native extension for Android target not found
Native extension for WebGL target not found
Refreshing native plugins compatible for Editor in 98.05 ms, found 3 plugins.
Preloading 0 native plugins for Editor in 0.00 ms.
Mono: successfully reloaded assembly
- Completed reload, in  0.589 seconds
Domain Reload Profiling:
	ReloadAssembly (590ms)
		BeginReloadAssembly (55ms)
			ExecutionOrderSort (0ms)
			DisableScriptedObjects (0ms)
			BackupInstance (0ms)
			ReleaseScriptingObjects (0ms)
			CreateAndSetChildDomain (1ms)
		EndReloadAssembly (459ms)
			LoadAssemblies (54ms)
			RebuildTransferFunctionScriptingTraits (0ms)
			SetupTypeCache (87ms)
			ReleaseScriptCaches (0ms)
			RebuildScriptCaches (19ms)
			SetupLoadedEditorAssemblies (305ms)
				LogAssemblyErrors (0ms)
				InitializePlatformSupportModulesInManaged (107ms)
				SetLoadedEditorAssemblies (0ms)
				RefreshPlugins (98ms)
				BeforeProcessingInitializeOnLoad (1ms)
				ProcessInitializeOnLoadAttributes (67ms)
				ProcessInitializeOnLoadMethodAttributes (32ms)
				AfterProcessingInitializeOnLoad (0ms)
				EditorAssembliesLoaded (0ms)
			ExecutionOrderSort2 (0ms)
			AwakeInstancesAfterBackupRestoration (0ms)
Platform modules already initialized, skipping
Registering precompiled user dll's ...
Registered in 1.212026 seconds.
Begin MonoManager ReloadAssembly
Symbol file LoadedFromMemory doesn't match image C:\Users\chris\CoolTester1\Library\PackageCache\com.unity.visualscripting@1.7.8\Editor\VisualScripting.Core\Dependencies\YamlDotNet\Unity.VisualScripting.YamlDotNet.dll
Symbol file LoadedFromMemory doesn't match image C:\Users\chris\CoolTester1\Library\PackageCache\com.unity.visualscripting@1.7.8\Editor\VisualScripting.Core\Dependencies\DotNetZip\Unity.VisualScripting.IonicZip.dll
Native extension for UWP target not found
Native extension for WindowsStandalone target not found
Native extension for iOS target not found
Native extension for Android target not found
Native extension for WebGL target not found
Refreshing native plugins compatible for Editor in 112.62 ms, found 3 plugins.
Preloading 0 native plugins for Editor in 0.00 ms.
Mono: successfully reloaded assembly
- Completed reload, in  1.268 seconds
Domain Reload Profiling:
	ReloadAssembly (1268ms)
		BeginReloadAssembly (196ms)
			ExecutionOrderSort (0ms)
			DisableScriptedObjects (4ms)
			BackupInstance (0ms)
			ReleaseScriptingObjects (0ms)
			CreateAndSetChildDomain (118ms)
		EndReloadAssembly (1003ms)
			LoadAssemblies (90ms)
			RebuildTransferFunctionScriptingTraits (0ms)
			SetupTypeCache (257ms)
			ReleaseScriptCaches (1ms)
			RebuildScriptCaches (47ms)
			SetupLoadedEditorAssemblies (579ms)
				LogAssemblyErrors (0ms)
				InitializePlatformSupportModulesInManaged (28ms)
				SetLoadedEditorAssemblies (0ms)
				RefreshPlugins (113ms)
				BeforeProcessingInitializeOnLoad (81ms)
				ProcessInitializeOnLoadAttributes (277ms)
				ProcessInitializeOnLoadMethodAttributes (75ms)
				AfterProcessingInitializeOnLoad (5ms)
				EditorAssembliesLoaded (0ms)
			ExecutionOrderSort2 (0ms)
			AwakeInstancesAfterBackupRestoration (4ms)
Platform modules already initialized, skipping
========================================================================
Worker process is ready to serve import requests
Launched and connected shader compiler UnityShaderCompiler.exe after 0.11 seconds
Refreshing native plugins compatible for Editor in 1.17 ms, found 3 plugins.
Preloading 0 native plugins for Editor in 0.00 ms.
Unloading 5746 Unused Serialized files (Serialized files now loaded: 0)
Unloading 42 unused Assets / (0.7 MB). Loaded Objects now: 6213.
Memory consumption went from 316.9 MB to 316.2 MB.
Total: 3.411100 ms (FindLiveObjects: 0.310300 ms CreateObjectMapping: 0.192400 ms MarkObjects: 2.668800 ms  DeleteObjects: 0.238800 ms)

AssetImportParameters requested are different than current active one (requested -> active):
  custom:video-decoder-ogg-theora: a1e56fd34408186e4bbccfd4996cb3dc -> 
  custom:container-muxer-webm: aa71ff27fc2769a1b78a27578f13a17b -> 
  custom:container-demuxer-webm: 4f35f7cbe854078d1ac9338744f61a02 -> 
  custom:video-encoder-webm-vp8: eb34c28f22e8b96e1ab97ce403110664 -> 
  custom:audio-encoder-webm-vorbis: bf7c407c2cedff20999df2af8eb42d56 -> 
  custom:framework-win-MediaFoundation: 216162199b28c13a410421893ffa2e32 -> 
  custom:container-demuxer-ogg: 62fdf1f143b41e24485cea50d1cbac27 -> 
  custom:video-decoder-webm-vp8: 9c59270c3fd7afecdb556c50c9e8de78 -> 
  custom:audio-decoder-ogg-vorbis: bf7c407c2cedff20999df2af8eb42d56 -> 
========================================================================
Received Import Request.
  Time since last request: 584556.421132 seconds.
  path: Assets/PE2D/Particle Effects/Scripts/Particles/ParticleEffector.cs
  artifactKey: Guid(23c7e8df9331843daac08b0b97f52d59) Importer(815301076,1909f56bfc062723c751e8b465ee728b)
Start importing Assets/PE2D/Particle Effects/Scripts/Particles/ParticleEffector.cs using Guid(23c7e8df9331843daac08b0b97f52d59) Importer(815301076,1909f56bfc062723c751e8b465ee728b)  -> (artifact id: '273e4d867d032924d5d7cce13f4bfbb5') in 0.022967 seconds 
========================================================================
Received Import Request.
  Time since last request: 0.596178 seconds.
  path: Assets/PE2D/Particle Effects/Editor/ParticleEffectorEditor.cs
  artifactKey: Guid(adcddcd2728b94b5d913d2b7d42ac0f5) Importer(815301076,1909f56bfc062723c751e8b465ee728b)
Start importing Assets/PE2D/Particle Effects/Editor/ParticleEffectorEditor.cs using Guid(adcddcd2728b94b5d913d2b7d42ac0f5) Importer(815301076,1909f56bfc062723c751e8b465ee728b)  -> (artifact id: '7f9dd80bc87500984dcaae118e7deef4') in 0.002474 seconds 
========================================================================
Received Import Request.
  Time since last request: 54.412705 seconds.
  path: Assets/PE2D/Particle Effects/Scripts/Particles
  artifactKey: Guid(f82a1bee1361a48e399b6a93ab196a01) Importer(815301076,1909f56bfc062723c751e8b465ee728b)
Start importing Assets/PE2D/Particle Effects/Scripts/Particles using Guid(f82a1bee1361a48e399b6a93ab196a01) Importer(815301076,1909f56bfc062723c751e8b465ee728b)  -> (artifact id: '4b302b69c00b7e1db1f460af00e9b133') in 0.002668 seconds 
========================================================================
Received Import Request.
  Time since last request: 2.634939 seconds.
  path: Assets/PE2D/Particle Effects/Scripts/Particles/CustomParticle.cs
  artifactKey: Guid(aedd0e2be27164a6a8b6744fdf41bc93) Importer(815301076,1909f56bfc062723c751e8b465ee728b)
Start importing Assets/PE2D/Particle Effects/Scripts/Particles/CustomParticle.cs using Guid(aedd0e2be27164a6a8b6744fdf41bc93) Importer(815301076,1909f56bfc062723c751e8b465ee728b)  -> (artifact id: '3ab8735b85a170de469494bdfd217650') in 0.002443 seconds 
========================================================================
Received Import Request.
  Time since last request: 2.203236 seconds.
  path: Assets/PE2D/Particle Effects/Scripts/Particles/Emitters
  artifactKey: Guid(fdf6bba1dfe7b459e88bec3b9e3d488d) Importer(815301076,1909f56bfc062723c751e8b465ee728b)
Start importing Assets/PE2D/Particle Effects/Scripts/Particles/Emitters using Guid(fdf6bba1dfe7b459e88bec3b9e3d488d) Importer(815301076,1909f56bfc062723c751e8b465ee728b)  -> (artifact id: 'c6a8b96365be823176a164631dd13453') in 0.003494 seconds 
========================================================================
Received Import Request.
  Time since last request: 0.952700 seconds.
  path: Assets/PE2D/Particle Effects/Scripts/Particles/Emitters/CustomParticleEmitter.cs
  artifactKey: Guid(2b5dbc8d73bb44358bb8d466bf3f66b8) Importer(815301076,1909f56bfc062723c751e8b465ee728b)
Start importing Assets/PE2D/Particle Effects/Scripts/Particles/Emitters/CustomParticleEmitter.cs using Guid(2b5dbc8d73bb44358bb8d466bf3f66b8) Importer(815301076,1909f56bfc062723c751e8b465ee728b)  -> (artifact id: '8f0ab44fbbd1424fd04598ef0e3c196d') in 0.003859 seconds 
========================================================================
Received Import Request.
  Time since last request: 0.577443 seconds.
  path: Assets/PE2D/Particle Effects/Scripts/Particles/Emitters/ParticleEmitterInObjectDirection.cs
  artifactKey: Guid(d9c588dc7caee485381c73b58f53f286) Importer(815301076,1909f56bfc062723c751e8b465ee728b)
Start importing Assets/PE2D/Particle Effects/Scripts/Particles/Emitters/ParticleEmitterInObjectDirection.cs using Guid(d9c588dc7caee485381c73b58f53f286) Importer(815301076,1909f56bfc062723c751e8b465ee728b)  -> (artifact id: 'a4e8288b12704fe7ce2a5086eee0f1b7') in 0.008397 seconds 
========================================================================
Received Import Request.
  Time since last request: 18.374736 seconds.
  path: Assets/Sherbbs Particle Collection/Particles/Normal
  artifactKey: Guid(fccc5b0cd56e5824a8de644ed691236c) Importer(815301076,1909f56bfc062723c751e8b465ee728b)
Start importing Assets/Sherbbs Particle Collection/Particles/Normal using Guid(fccc5b0cd56e5824a8de644ed691236c) Importer(815301076,1909f56bfc062723c751e8b465ee728b)  -> (artifact id: '0457b7dab8c160b8f77db8ea2c650f8d') in 0.003402 seconds 
========================================================================
Received Prepare
Registering precompiled user dll's ...
Registered in 0.004811 seconds.
Begin MonoManager ReloadAssembly
Symbol file LoadedFromMemory doesn't match image C:\Users\chris\CoolTester1\Library\PackageCache\com.unity.visualscripting@1.7.8\Editor\VisualScripting.Core\Dependencies\YamlDotNet\Unity.VisualScripting.YamlDotNet.dll
Symbol file LoadedFromMemory doesn't match image C:\Users\chris\CoolTester1\Library\PackageCache\com.unity.visualscripting@1.7.8\Editor\VisualScripting.Core\Dependencies\DotNetZip\Unity.VisualScripting.IonicZip.dll
Native extension for UWP target not found
Native extension for WindowsStandalone target not found
Native extension for iOS target not found
Native extension for Android target not found
Native extension for WebGL target not found
Refreshing native plugins compatible for Editor in 0.99 ms, found 3 plugins.
Preloading 0 native plugins for Editor in 0.00 ms.
Mono: successfully reloaded assembly
- Completed reload, in  0.996 seconds
Domain Reload Profiling:
	ReloadAssembly (996ms)
		BeginReloadAssembly (112ms)
			ExecutionOrderSort (0ms)
			DisableScriptedObjects (4ms)
			BackupInstance (0ms)
			ReleaseScriptingObjects (0ms)
			CreateAndSetChildDomain (35ms)
		EndReloadAssembly (811ms)
			LoadAssemblies (84ms)
			RebuildTransferFunctionScriptingTraits (0ms)
			SetupTypeCache (218ms)
			ReleaseScriptCaches (2ms)
			RebuildScriptCaches (33ms)
			SetupLoadedEditorAssemblies (430ms)
				LogAssemblyErrors (0ms)
				InitializePlatformSupportModulesInManaged (25ms)
				SetLoadedEditorAssemblies (0ms)
				RefreshPlugins (1ms)
				BeforeProcessingInitializeOnLoad (65ms)
				ProcessInitializeOnLoadAttributes (255ms)
				ProcessInitializeOnLoadMethodAttributes (77ms)
				AfterProcessingInitializeOnLoad (7ms)
				EditorAssembliesLoaded (0ms)
			ExecutionOrderSort2 (0ms)
			AwakeInstancesAfterBackupRestoration (10ms)
Platform modules already initialized, skipping
Refreshing native plugins compatible for Editor in 3.22 ms, found 3 plugins.
Preloading 0 native plugins for Editor in 0.00 ms.
Unloading 5551 Unused Serialized files (Serialized files now loaded: 0)
Unloading 29 unused Assets / (0.7 MB). Loaded Objects now: 6216.
Memory consumption went from 302.7 MB to 302.0 MB.
Total: 3.745200 ms (FindLiveObjects: 0.345600 ms CreateObjectMapping: 0.296400 ms MarkObjects: 2.841300 ms  DeleteObjects: 0.260700 ms)

AssetImportParameters requested are different than current active one (requested -> active):
  custom:video-decoder-ogg-theora: a1e56fd34408186e4bbccfd4996cb3dc -> 
  custom:container-muxer-webm: aa71ff27fc2769a1b78a27578f13a17b -> 
  custom:container-demuxer-webm: 4f35f7cbe854078d1ac9338744f61a02 -> 
  custom:video-encoder-webm-vp8: eb34c28f22e8b96e1ab97ce403110664 -> 
  custom:audio-encoder-webm-vorbis: bf7c407c2cedff20999df2af8eb42d56 -> 
  custom:framework-win-MediaFoundation: 216162199b28c13a410421893ffa2e32 -> 
  custom:container-demuxer-ogg: 62fdf1f143b41e24485cea50d1cbac27 -> 
  custom:video-decoder-webm-vp8: 9c59270c3fd7afecdb556c50c9e8de78 -> 
  custom:audio-decoder-ogg-vorbis: bf7c407c2cedff20999df2af8eb42d56 -> 
========================================================================
Received Prepare
Registering precompiled user dll's ...
Registered in 0.004811 seconds.
Begin MonoManager ReloadAssembly
Symbol file LoadedFromMemory doesn't match image C:\Users\chris\CoolTester1\Library\PackageCache\com.unity.visualscripting@1.7.8\Editor\VisualScripting.Core\Dependencies\YamlDotNet\Unity.VisualScripting.YamlDotNet.dll
Symbol file LoadedFromMemory doesn't match image C:\Users\chris\CoolTester1\Library\PackageCache\com.unity.visualscripting@1.7.8\Editor\VisualScripting.Core\Dependencies\DotNetZip\Unity.VisualScripting.IonicZip.dll
Native extension for UWP target not found
Native extension for WindowsStandalone target not found
Native extension for iOS target not found
Native extension for Android target not found
Native extension for WebGL target not found
Refreshing native plugins compatible for Editor in 0.98 ms, found 3 plugins.
Preloading 0 native plugins for Editor in 0.00 ms.
Mono: successfully reloaded assembly
- Completed reload, in  0.988 seconds
Domain Reload Profiling:
	ReloadAssembly (989ms)
		BeginReloadAssembly (121ms)
			ExecutionOrderSort (0ms)
			DisableScriptedObjects (4ms)
			BackupInstance (0ms)
			ReleaseScriptingObjects (0ms)
			CreateAndSetChildDomain (36ms)
		EndReloadAssembly (793ms)
			LoadAssemblies (83ms)
			RebuildTransferFunctionScriptingTraits (0ms)
			SetupTypeCache (213ms)
			ReleaseScriptCaches (2ms)
			RebuildScriptCaches (32ms)
			SetupLoadedEditorAssemblies (429ms)
				LogAssemblyErrors (0ms)
				InitializePlatformSupportModulesInManaged (24ms)
				SetLoadedEditorAssemblies (0ms)
				RefreshPlugins (1ms)
				BeforeProcessingInitializeOnLoad (62ms)
				ProcessInitializeOnLoadAttributes (260ms)
				ProcessInitializeOnLoadMethodAttributes (75ms)
				AfterProcessingInitializeOnLoad (7ms)
				EditorAssembliesLoaded (0ms)
			ExecutionOrderSort2 (0ms)
			AwakeInstancesAfterBackupRestoration (8ms)
Platform modules already initialized, skipping
Refreshing native plugins compatible for Editor in 3.58 ms, found 3 plugins.
Preloading 0 native plugins for Editor in 0.00 ms.
Unloading 5551 Unused Serialized files (Serialized files now loaded: 0)
Unloading 29 unused Assets / (0.7 MB). Loaded Objects now: 6219.
Memory consumption went from 302.7 MB to 302.0 MB.
Total: 5.093700 ms (FindLiveObjects: 0.878900 ms CreateObjectMapping: 0.232800 ms MarkObjects: 3.570700 ms  DeleteObjects: 0.409600 ms)

AssetImportParameters requested are different than current active one (requested -> active):
  custom:video-decoder-ogg-theora: a1e56fd34408186e4bbccfd4996cb3dc -> 
  custom:container-muxer-webm: aa71ff27fc2769a1b78a27578f13a17b -> 
  custom:container-demuxer-webm: 4f35f7cbe854078d1ac9338744f61a02 -> 
  custom:video-encoder-webm-vp8: eb34c28f22e8b96e1ab97ce403110664 -> 
  custom:audio-encoder-webm-vorbis: bf7c407c2cedff20999df2af8eb42d56 -> 
  custom:framework-win-MediaFoundation: 216162199b28c13a410421893ffa2e32 -> 
  custom:container-demuxer-ogg: 62fdf1f143b41e24485cea50d1cbac27 -> 
  custom:video-decoder-webm-vp8: 9c59270c3fd7afecdb556c50c9e8de78 -> 
  custom:audio-decoder-ogg-vorbis: bf7c407c2cedff20999df2af8eb42d56 -> 
========================================================================
Received Import Request.
  Time since last request: 227.413667 seconds.
  path: Assets/Sherbbs Particle Collection/Particles/Normal/BasicSpark 2.prefab
  artifactKey: Guid(49011e57640af4346b984abcfb1cf581) Importer(815301076,1909f56bfc062723c751e8b465ee728b)
Start importing Assets/Sherbbs Particle Collection/Particles/Normal/BasicSpark 2.prefab using Guid(49011e57640af4346b984abcfb1cf581) Importer(815301076,1909f56bfc062723c751e8b465ee728b)  -> (artifact id: '553747d6970edf7b5fcadd219b1cf5ae') in 0.208447 seconds 
========================================================================
Received Import Request.
  Time since last request: 0.000041 seconds.
  path: Assets/Sherbbs Particle Collection/Particles/Normal/MuzzleFlash.prefab
  artifactKey: Guid(fe8624b8239b6d44e8dba978b745de2a) Importer(815301076,1909f56bfc062723c751e8b465ee728b)
Start importing Assets/Sherbbs Particle Collection/Particles/Normal/MuzzleFlash.prefab using Guid(fe8624b8239b6d44e8dba978b745de2a) Importer(815301076,1909f56bfc062723c751e8b465ee728b)  -> (artifact id: '0998f1920384cc040b5382f3703cdb1a') in 0.014008 seconds 
========================================================================
Received Import Request.
  Time since last request: 0.000048 seconds.
  path: Assets/Sherbbs Particle Collection/Particles/Normal/Tris Spark.prefab
  artifactKey: Guid(f23ca344d22b7d84b848fb882e92bf51) Importer(815301076,1909f56bfc062723c751e8b465ee728b)
Start importing Assets/Sherbbs Particle Collection/Particles/Normal/Tris Spark.prefab using Guid(f23ca344d22b7d84b848fb882e92bf51) Importer(815301076,1909f56bfc062723c751e8b465ee728b)  -> (artifact id: '86788d3591f0ffe73ec73cad96e6360f') in 0.015461 seconds 
========================================================================
Received Import Request.
  Time since last request: 0.000038 seconds.
  path: Assets/Sherbbs Particle Collection/Particles/Normal/BasicSpark.prefab
  artifactKey: Guid(f34d53a9f8cd409428b8d1e3addf4807) Importer(815301076,1909f56bfc062723c751e8b465ee728b)
Start importing Assets/Sherbbs Particle Collection/Particles/Normal/BasicSpark.prefab using Guid(f34d53a9f8cd409428b8d1e3addf4807) Importer(815301076,1909f56bfc062723c751e8b465ee728b)  -> (artifact id: 'b009008bbe7487f428fbd6fec00f5c10') in 0.013424 seconds 
========================================================================
Received Import Request.
  Time since last request: 0.000026 seconds.
  path: Assets/Sherbbs Particle Collection/Particles/Normal/Tris Spark 2.prefab
  artifactKey: Guid(05bc110473df9574f8a94afc5484e1b0) Importer(815301076,1909f56bfc062723c751e8b465ee728b)
Start importing Assets/Sherbbs Particle Collection/Particles/Normal/Tris Spark 2.prefab using Guid(05bc110473df9574f8a94afc5484e1b0) Importer(815301076,1909f56bfc062723c751e8b465ee728b)  -> (artifact id: 'ee4c30ded65d2cff76e36158a8f4369b') in 0.015275 seconds 
========================================================================
Received Import Request.
  Time since last request: 1.873778 seconds.
  path: Assets/Sherbbs Particle Collection/Particles/Normal/BasicSpark 4 (Shower).prefab
  artifactKey: Guid(1bee58de964145a42bfce895cf98666d) Importer(815301076,1909f56bfc062723c751e8b465ee728b)
Start importing Assets/Sherbbs Particle Collection/Particles/Normal/BasicSpark 4 (Shower).prefab using Guid(1bee58de964145a42bfce895cf98666d) Importer(815301076,1909f56bfc062723c751e8b465ee728b)  -> (artifact id: '1d0242189df14f97491550fbe4c0025a') in 0.019345 seconds 
========================================================================
Received Import Request.
  Time since last request: 0.000034 seconds.
  path: Assets/Sherbbs Particle Collection/Particles/Normal/SmokeyExplosion.prefab
  artifactKey: Guid(abf8d5b763621654486813c5c8af8234) Importer(815301076,1909f56bfc062723c751e8b465ee728b)
Start importing Assets/Sherbbs Particle Collection/Particles/Normal/SmokeyExplosion.prefab using Guid(abf8d5b763621654486813c5c8af8234) Importer(815301076,1909f56bfc062723c751e8b465ee728b)  -> (artifact id: '6a05b5bbbb694a491a787ea4c236d299') in 0.028425 seconds 
========================================================================
Received Import Request.
  Time since last request: 0.000052 seconds.
  path: Assets/Sherbbs Particle Collection/Particles/Normal/ScifiTris 3 (collapse).prefab
  artifactKey: Guid(e7195681d4821c847a757d5174cae6ab) Importer(815301076,1909f56bfc062723c751e8b465ee728b)
Start importing Assets/Sherbbs Particle Collection/Particles/Normal/ScifiTris 3 (collapse).prefab using Guid(e7195681d4821c847a757d5174cae6ab) Importer(815301076,1909f56bfc062723c751e8b465ee728b)  -> (artifact id: '137e3bb9e7b7508fd4652ed526cf8d18') in 0.025843 seconds 
========================================================================
Received Import Request.
  Time since last request: 0.000037 seconds.
  path: Assets/Sherbbs Particle Collection/Particles/Normal/CosmicReversal.prefab
  artifactKey: Guid(a3f72d5f213bb7d458dfc2c4369e7acf) Importer(815301076,1909f56bfc062723c751e8b465ee728b)
Start importing Assets/Sherbbs Particle Collection/Particles/Normal/CosmicReversal.prefab using Guid(a3f72d5f213bb7d458dfc2c4369e7acf) Importer(815301076,1909f56bfc062723c751e8b465ee728b)  -> (artifact id: 'b2e6a120340a6a84f4ee6b54fd417b2f') in 0.025318 seconds 
========================================================================
Received Import Request.
  Time since last request: 0.000040 seconds.
  path: Assets/Sherbbs Particle Collection/Particles/Normal/EtherealHit 2.prefab
  artifactKey: Guid(bdafa105848a31d4b8915a64b96d5c98) Importer(815301076,1909f56bfc062723c751e8b465ee728b)
Start importing Assets/Sherbbs Particle Collection/Particles/Normal/EtherealHit 2.prefab using Guid(bdafa105848a31d4b8915a64b96d5c98) Importer(815301076,1909f56bfc062723c751e8b465ee728b)  -> (artifact id: '0617ceb798d823c784ff9f6d54de65d9') in 0.017661 seconds 
========================================================================
Received Import Request.
  Time since last request: 13.686751 seconds.
  path: Assets/TextMesh Pro/Resources/Fonts & Materials/LiberationSans SDF.asset
  artifactKey: Guid(8f586378b4e144a9851e7b34d9b748ee) Importer(815301076,1909f56bfc062723c751e8b465ee728b)
Start importing Assets/TextMesh Pro/Resources/Fonts & Materials/LiberationSans SDF.asset using Guid(8f586378b4e144a9851e7b34d9b748ee) Importer(815301076,1909f56bfc062723c751e8b465ee728b)  -> (artifact id: '8857036600065ea9d689aac8ed7668a0') in 0.097091 seconds 
========================================================================
Received Prepare
Registering precompiled user dll's ...
Registered in 0.005465 seconds.
Begin MonoManager ReloadAssembly
Symbol file LoadedFromMemory doesn't match image C:\Users\chris\CoolTester1\Library\PackageCache\com.unity.visualscripting@1.7.8\Editor\VisualScripting.Core\Dependencies\YamlDotNet\Unity.VisualScripting.YamlDotNet.dll
Symbol file LoadedFromMemory doesn't match image C:\Users\chris\CoolTester1\Library\PackageCache\com.unity.visualscripting@1.7.8\Editor\VisualScripting.Core\Dependencies\DotNetZip\Unity.VisualScripting.IonicZip.dll
Native extension for UWP target not found
Native extension for WindowsStandalone target not found
Native extension for iOS target not found
Native extension for Android target not found
Native extension for WebGL target not found
Refreshing native plugins compatible for Editor in 1.39 ms, found 3 plugins.
Preloading 0 native plugins for Editor in 0.00 ms.
Mono: successfully reloaded assembly
- Completed reload, in  1.198 seconds
Domain Reload Profiling:
	ReloadAssembly (1198ms)
		BeginReloadAssembly (147ms)
			ExecutionOrderSort (0ms)
			DisableScriptedObjects (8ms)
			BackupInstance (0ms)
			ReleaseScriptingObjects (0ms)
			CreateAndSetChildDomain (50ms)
		EndReloadAssembly (966ms)
			LoadAssemblies (103ms)
			RebuildTransferFunctionScriptingTraits (0ms)
			SetupTypeCache (256ms)
			ReleaseScriptCaches (2ms)
			RebuildScriptCaches (41ms)
			SetupLoadedEditorAssemblies (484ms)
				LogAssemblyErrors (0ms)
				InitializePlatformSupportModulesInManaged (32ms)
				SetLoadedEditorAssemblies (0ms)
				RefreshPlugins (1ms)
				BeforeProcessingInitializeOnLoad (78ms)
				ProcessInitializeOnLoadAttributes (289ms)
				ProcessInitializeOnLoadMethodAttributes (78ms)
				AfterProcessingInitializeOnLoad (6ms)
				EditorAssembliesLoaded (0ms)
			ExecutionOrderSort2 (0ms)
			AwakeInstancesAfterBackupRestoration (11ms)
Platform modules already initialized, skipping
Refreshing native plugins compatible for Editor in 2.69 ms, found 3 plugins.
Preloading 0 native plugins for Editor in 0.00 ms.
Unloading 5571 Unused Serialized files (Serialized files now loaded: 0)
Unloading 43 unused Assets / (1.3 MB). Loaded Objects now: 6313.
Memory consumption went from 312.3 MB to 311.0 MB.
Total: 4.722700 ms (FindLiveObjects: 0.409000 ms CreateObjectMapping: 0.306800 ms MarkObjects: 3.289400 ms  DeleteObjects: 0.715200 ms)

AssetImportParameters requested are different than current active one (requested -> active):
  custom:video-decoder-ogg-theora: a1e56fd34408186e4bbccfd4996cb3dc -> 
  custom:container-muxer-webm: aa71ff27fc2769a1b78a27578f13a17b -> 
  custom:container-demuxer-webm: 4f35f7cbe854078d1ac9338744f61a02 -> 
  custom:video-encoder-webm-vp8: eb34c28f22e8b96e1ab97ce403110664 -> 
  custom:audio-encoder-webm-vorbis: bf7c407c2cedff20999df2af8eb42d56 -> 
  custom:framework-win-MediaFoundation: 216162199b28c13a410421893ffa2e32 -> 
  custom:container-demuxer-ogg: 62fdf1f143b41e24485cea50d1cbac27 -> 
  custom:video-decoder-webm-vp8: 9c59270c3fd7afecdb556c50c9e8de78 -> 
  custom:audio-decoder-ogg-vorbis: bf7c407c2cedff20999df2af8eb42d56 -> 
========================================================================
Received Import Request.
  Time since last request: 190.692710 seconds.
  path: Assets/Sherbbs Particle Collection/Particles/Atmosphere/Confetti Rain.prefab
  artifactKey: Guid(77cddf39b775be645a02d57fc0347afb) Importer(815301076,1909f56bfc062723c751e8b465ee728b)
Start importing Assets/Sherbbs Particle Collection/Particles/Atmosphere/Confetti Rain.prefab using Guid(77cddf39b775be645a02d57fc0347afb) Importer(815301076,1909f56bfc062723c751e8b465ee728b)  -> (artifact id: '4891a8d232759a6bcc02f83691546155') in 0.172099 seconds 
========================================================================
Received Import Request.
  Time since last request: 0.000032 seconds.
  path: Assets/Sherbbs Particle Collection/Particles/Atmosphere/Wind.prefab
  artifactKey: Guid(292bfa542cd61114883916af45c0c4f3) Importer(815301076,1909f56bfc062723c751e8b465ee728b)
Start importing Assets/Sherbbs Particle Collection/Particles/Atmosphere/Wind.prefab using Guid(292bfa542cd61114883916af45c0c4f3) Importer(815301076,1909f56bfc062723c751e8b465ee728b)  -> (artifact id: '3316454d34275b70baa0668b642e5e96') in 0.015985 seconds 
========================================================================
Received Import Request.
  Time since last request: 0.000037 seconds.
  path: Assets/Sherbbs Particle Collection/Particles/Atmosphere/Rain (Basic).prefab
  artifactKey: Guid(e6c8b773db6089b46bedb5d125fc5d63) Importer(815301076,1909f56bfc062723c751e8b465ee728b)
Start importing Assets/Sherbbs Particle Collection/Particles/Atmosphere/Rain (Basic).prefab using Guid(e6c8b773db6089b46bedb5d125fc5d63) Importer(815301076,1909f56bfc062723c751e8b465ee728b)  -> (artifact id: '1a5043db0fe2f46e0436903125e03d5f') in 0.014981 seconds 
========================================================================
Received Import Request.
  Time since last request: 0.000057 seconds.
  path: Assets/Sherbbs Particle Collection/Particles/Atmosphere/Ground Embers.prefab
  artifactKey: Guid(cf9be061d575df6418c98c2c5ebde13d) Importer(815301076,1909f56bfc062723c751e8b465ee728b)
Start importing Assets/Sherbbs Particle Collection/Particles/Atmosphere/Ground Embers.prefab using Guid(cf9be061d575df6418c98c2c5ebde13d) Importer(815301076,1909f56bfc062723c751e8b465ee728b)  -> (artifact id: '33a0fa6e7843f893742846e98d6473ac') in 0.019331 seconds 
========================================================================
Received Import Request.
  Time since last request: 9.818874 seconds.
  path: Assets/Sherbbs Particle Collection/Materials/VertexLitDiffuseRoundedSquare.mat
  artifactKey: Guid(569ecce896a7eb84f922b02c3fd2c307) Importer(815301076,1909f56bfc062723c751e8b465ee728b)
Start importing Assets/Sherbbs Particle Collection/Materials/VertexLitDiffuseRoundedSquare.mat using Guid(569ecce896a7eb84f922b02c3fd2c307) Importer(815301076,1909f56bfc062723c751e8b465ee728b)  -> (artifact id: 'cc5b454425589fba25d57d33b0ed6ee2') in 0.019019 seconds 
========================================================================
Received Import Request.
  Time since last request: 1.243350 seconds.
  path: Assets/Sherbbs Particle Collection/Materials/VertexUnlitGlowRoundedSquare.mat
  artifactKey: Guid(a1bc200c72ac7ee4cb0e1e043e5411a4) Importer(815301076,1909f56bfc062723c751e8b465ee728b)
Start importing Assets/Sherbbs Particle Collection/Materials/VertexUnlitGlowRoundedSquare.mat using Guid(a1bc200c72ac7ee4cb0e1e043e5411a4) Importer(815301076,1909f56bfc062723c751e8b465ee728b)  -> (artifact id: '86a1d7f82f9479a3220c638c032e1380') in 0.011973 seconds 
========================================================================
Received Prepare
Registering precompiled user dll's ...
Registered in 0.004948 seconds.
Begin MonoManager ReloadAssembly
Symbol file LoadedFromMemory doesn't match image C:\Users\chris\CoolTester1\Library\PackageCache\com.unity.visualscripting@1.7.8\Editor\VisualScripting.Core\Dependencies\YamlDotNet\Unity.VisualScripting.YamlDotNet.dll
Symbol file LoadedFromMemory doesn't match image C:\Users\chris\CoolTester1\Library\PackageCache\com.unity.visualscripting@1.7.8\Editor\VisualScripting.Core\Dependencies\DotNetZip\Unity.VisualScripting.IonicZip.dll
Native extension for UWP target not found
Native extension for WindowsStandalone target not found
Native extension for iOS target not found
Native extension for Android target not found
Native extension for WebGL target not found
Refreshing native plugins compatible for Editor in 1.13 ms, found 3 plugins.
Preloading 0 native plugins for Editor in 0.00 ms.
Mono: successfully reloaded assembly
- Completed reload, in  1.161 seconds
Domain Reload Profiling:
	ReloadAssembly (1162ms)
		BeginReloadAssembly (131ms)
			ExecutionOrderSort (0ms)
			DisableScriptedObjects (6ms)
			BackupInstance (0ms)
			ReleaseScriptingObjects (0ms)
			CreateAndSetChildDomain (43ms)
		EndReloadAssembly (949ms)
			LoadAssemblies (90ms)
			RebuildTransferFunctionScriptingTraits (0ms)
			SetupTypeCache (231ms)
			ReleaseScriptCaches (2ms)
			RebuildScriptCaches (35ms)
			SetupLoadedEditorAssemblies (522ms)
				LogAssemblyErrors (0ms)
				InitializePlatformSupportModulesInManaged (27ms)
				SetLoadedEditorAssemblies (0ms)
				RefreshPlugins (1ms)
				BeforeProcessingInitializeOnLoad (84ms)
				ProcessInitializeOnLoadAttributes (306ms)
				ProcessInitializeOnLoadMethodAttributes (94ms)
				AfterProcessingInitializeOnLoad (8ms)
				EditorAssembliesLoaded (0ms)
			ExecutionOrderSort2 (0ms)
			AwakeInstancesAfterBackupRestoration (13ms)
Platform modules already initialized, skipping
Refreshing native plugins compatible for Editor in 3.86 ms, found 3 plugins.
Preloading 0 native plugins for Editor in 0.00 ms.
Unloading 5570 Unused Serialized files (Serialized files now loaded: 0)
Unloading 41 unused Assets / (1.3 MB). Loaded Objects now: 6357.
Memory consumption went from 312.2 MB to 310.9 MB.
Total: 6.122700 ms (FindLiveObjects: 0.662000 ms CreateObjectMapping: 0.249600 ms MarkObjects: 4.339200 ms  DeleteObjects: 0.869200 ms)

AssetImportParameters requested are different than current active one (requested -> active):
  custom:video-decoder-ogg-theora: a1e56fd34408186e4bbccfd4996cb3dc -> 
  custom:container-muxer-webm: aa71ff27fc2769a1b78a27578f13a17b -> 
  custom:container-demuxer-webm: 4f35f7cbe854078d1ac9338744f61a02 -> 
  custom:video-encoder-webm-vp8: eb34c28f22e8b96e1ab97ce403110664 -> 
  custom:audio-encoder-webm-vorbis: bf7c407c2cedff20999df2af8eb42d56 -> 
  custom:framework-win-MediaFoundation: 216162199b28c13a410421893ffa2e32 -> 
  custom:container-demuxer-ogg: 62fdf1f143b41e24485cea50d1cbac27 -> 
  custom:video-decoder-webm-vp8: 9c59270c3fd7afecdb556c50c9e8de78 -> 
  custom:audio-decoder-ogg-vorbis: bf7c407c2cedff20999df2af8eb42d56 -> 
========================================================================
Received Prepare
Registering precompiled user dll's ...
Registered in 0.004714 seconds.
Begin MonoManager ReloadAssembly
Symbol file LoadedFromMemory doesn't match image C:\Users\chris\CoolTester1\Library\PackageCache\com.unity.visualscripting@1.7.8\Editor\VisualScripting.Core\Dependencies\YamlDotNet\Unity.VisualScripting.YamlDotNet.dll
Symbol file LoadedFromMemory doesn't match image C:\Users\chris\CoolTester1\Library\PackageCache\com.unity.visualscripting@1.7.8\Editor\VisualScripting.Core\Dependencies\DotNetZip\Unity.VisualScripting.IonicZip.dll
Native extension for UWP target not found
Native extension for WindowsStandalone target not found
Native extension for iOS target not found
Native extension for Android target not found
Native extension for WebGL target not found
Refreshing native plugins compatible for Editor in 1.01 ms, found 3 plugins.
Preloading 0 native plugins for Editor in 0.00 ms.
Mono: successfully reloaded assembly
- Completed reload, in  1.004 seconds
Domain Reload Profiling:
	ReloadAssembly (1005ms)
		BeginReloadAssembly (113ms)
			ExecutionOrderSort (0ms)
			DisableScriptedObjects (4ms)
			BackupInstance (0ms)
			ReleaseScriptingObjects (0ms)
			CreateAndSetChildDomain (35ms)
		EndReloadAssembly (819ms)
			LoadAssemblies (85ms)
			RebuildTransferFunctionScriptingTraits (0ms)
			SetupTypeCache (213ms)
			ReleaseScriptCaches (2ms)
			RebuildScriptCaches (33ms)
			SetupLoadedEditorAssemblies (424ms)
				LogAssemblyErrors (0ms)
				InitializePlatformSupportModulesInManaged (24ms)
				SetLoadedEditorAssemblies (0ms)
				RefreshPlugins (1ms)
				BeforeProcessingInitializeOnLoad (64ms)
				ProcessInitializeOnLoadAttributes (261ms)
				ProcessInitializeOnLoadMethodAttributes (67ms)
				AfterProcessingInitializeOnLoad (6ms)
				EditorAssembliesLoaded (0ms)
			ExecutionOrderSort2 (0ms)
			AwakeInstancesAfterBackupRestoration (12ms)
Platform modules already initialized, skipping
Refreshing native plugins compatible for Editor in 2.78 ms, found 3 plugins.
Preloading 0 native plugins for Editor in 0.00 ms.
Unloading 5571 Unused Serialized files (Serialized files now loaded: 0)
Unloading 41 unused Assets / (1.3 MB). Loaded Objects now: 6360.
Memory consumption went from 312.2 MB to 311.0 MB.
Total: 4.023700 ms (FindLiveObjects: 0.368600 ms CreateObjectMapping: 0.320200 ms MarkObjects: 2.856800 ms  DeleteObjects: 0.476800 ms)

AssetImportParameters requested are different than current active one (requested -> active):
  custom:video-decoder-ogg-theora: a1e56fd34408186e4bbccfd4996cb3dc -> 
  custom:container-muxer-webm: aa71ff27fc2769a1b78a27578f13a17b -> 
  custom:container-demuxer-webm: 4f35f7cbe854078d1ac9338744f61a02 -> 
  custom:video-encoder-webm-vp8: eb34c28f22e8b96e1ab97ce403110664 -> 
  custom:audio-encoder-webm-vorbis: bf7c407c2cedff20999df2af8eb42d56 -> 
  custom:framework-win-MediaFoundation: 216162199b28c13a410421893ffa2e32 -> 
  custom:container-demuxer-ogg: 62fdf1f143b41e24485cea50d1cbac27 -> 
  custom:video-decoder-webm-vp8: 9c59270c3fd7afecdb556c50c9e8de78 -> 
  custom:audio-decoder-ogg-vorbis: bf7c407c2cedff20999df2af8eb42d56 -> 
========================================================================
Received Import Request.
  Time since last request: 170.026165 seconds.
  path: Assets/Sherbbs Particle Collection/Particles/Normal/Arcade Spark.prefab
  artifactKey: Guid(10434d6bf3af98b46a88ab696f543ee3) Importer(815301076,1909f56bfc062723c751e8b465ee728b)
Start importing Assets/Sherbbs Particle Collection/Particles/Normal/Arcade Spark.prefab using Guid(10434d6bf3af98b46a88ab696f543ee3) Importer(815301076,1909f56bfc062723c751e8b465ee728b)  -> (artifact id: '8fd019e40b61ca40a80775ef08ae742d') in 0.178260 seconds 
========================================================================
Received Import Request.
  Time since last request: 0.000032 seconds.
  path: Assets/Sherbbs Particle Collection/Particles/Normal/BirthdaySpark.prefab
  artifactKey: Guid(028315ff90f3b77478f6282592e23c74) Importer(815301076,1909f56bfc062723c751e8b465ee728b)
Start importing Assets/Sherbbs Particle Collection/Particles/Normal/BirthdaySpark.prefab using Guid(028315ff90f3b77478f6282592e23c74) Importer(815301076,1909f56bfc062723c751e8b465ee728b)  -> (artifact id: '7f31b17cedb7b01583f38a3bf1ec00d8') in 0.014956 seconds 
========================================================================
Received Prepare
Registering precompiled user dll's ...
Registered in 0.005146 seconds.
Begin MonoManager ReloadAssembly
Symbol file LoadedFromMemory doesn't match image C:\Users\chris\CoolTester1\Library\PackageCache\com.unity.visualscripting@1.7.8\Editor\VisualScripting.Core\Dependencies\YamlDotNet\Unity.VisualScripting.YamlDotNet.dll
Symbol file LoadedFromMemory doesn't match image C:\Users\chris\CoolTester1\Library\PackageCache\com.unity.visualscripting@1.7.8\Editor\VisualScripting.Core\Dependencies\DotNetZip\Unity.VisualScripting.IonicZip.dll
Native extension for UWP target not found
Native extension for WindowsStandalone target not found
Native extension for iOS target not found
Native extension for Android target not found
Native extension for WebGL target not found
Refreshing native plugins compatible for Editor in 1.16 ms, found 3 plugins.
Preloading 0 native plugins for Editor in 0.00 ms.
Mono: successfully reloaded assembly
- Completed reload, in  1.304 seconds
Domain Reload Profiling:
	ReloadAssembly (1305ms)
		BeginReloadAssembly (147ms)
			ExecutionOrderSort (0ms)
			DisableScriptedObjects (6ms)
			BackupInstance (0ms)
			ReleaseScriptingObjects (0ms)
			CreateAndSetChildDomain (49ms)
		EndReloadAssembly (1056ms)
			LoadAssemblies (101ms)
			RebuildTransferFunctionScriptingTraits (0ms)
			SetupTypeCache (284ms)
			ReleaseScriptCaches (4ms)
			RebuildScriptCaches (40ms)
			SetupLoadedEditorAssemblies (556ms)
				LogAssemblyErrors (0ms)
				InitializePlatformSupportModulesInManaged (35ms)
				SetLoadedEditorAssemblies (0ms)
				RefreshPlugins (1ms)
				BeforeProcessingInitializeOnLoad (84ms)
				ProcessInitializeOnLoadAttributes (334ms)
				ProcessInitializeOnLoadMethodAttributes (94ms)
				AfterProcessingInitializeOnLoad (7ms)
				EditorAssembliesLoaded (0ms)
			ExecutionOrderSort2 (0ms)
			AwakeInstancesAfterBackupRestoration (14ms)
Platform modules already initialized, skipping
Refreshing native plugins compatible for Editor in 3.03 ms, found 3 plugins.
Preloading 0 native plugins for Editor in 0.00 ms.
Unloading 5570 Unused Serialized files (Serialized files now loaded: 0)
Unloading 41 unused Assets / (1.3 MB). Loaded Objects now: 6403.
Memory consumption went from 312.3 MB to 311.0 MB.
Total: 4.041200 ms (FindLiveObjects: 0.356600 ms CreateObjectMapping: 0.217600 ms MarkObjects: 2.860600 ms  DeleteObjects: 0.605200 ms)

AssetImportParameters requested are different than current active one (requested -> active):
  custom:video-decoder-ogg-theora: a1e56fd34408186e4bbccfd4996cb3dc -> 
  custom:container-muxer-webm: aa71ff27fc2769a1b78a27578f13a17b -> 
  custom:container-demuxer-webm: 4f35f7cbe854078d1ac9338744f61a02 -> 
  custom:video-encoder-webm-vp8: eb34c28f22e8b96e1ab97ce403110664 -> 
  custom:audio-encoder-webm-vorbis: bf7c407c2cedff20999df2af8eb42d56 -> 
  custom:framework-win-MediaFoundation: 216162199b28c13a410421893ffa2e32 -> 
  custom:container-demuxer-ogg: 62fdf1f143b41e24485cea50d1cbac27 -> 
  custom:video-decoder-webm-vp8: 9c59270c3fd7afecdb556c50c9e8de78 -> 
  custom:audio-decoder-ogg-vorbis: bf7c407c2cedff20999df2af8eb42d56 -> 
Editor requested this worker to shutdown with reason: Scaling down because of idle timeout
AssetImportWorker is now disconnected from the server
Process exiting
Exiting without the bug reporter. Application will terminate with return code 0