Using pre-set license
Built from '2021.3/staging' branch; Version is '2021.3.9f1 (ad3870b89536) revision 11352176'; Using compiler version '192829333'; Build Type 'Release'
OS: 'Windows 11  (10.0.22621) 64bit Core' Language: 'en' Physical Memory: 16088 MB
BatchMode: 1, IsHumanControllingUs: 0, StartBugReporterOnCrash: 0, Is64bit: 1, IsPro: 1

COMMAND LINE ARGUMENTS:
C:\Program Files\Unity\Hub\Editor\2021.3.9f1\Editor\Unity.exe
-adb2
-batchMode
-noUpm
-name
AssetImportWorker5
-projectPath
C:/Users/chris/CoolTester1
-logFile
Logs/AssetImportWorker5.log
-srvPort
52332
Successfully changed project path to: C:/Users/chris/CoolTester1
C:/Users/chris/CoolTester1
[UnityMemory] Configuration Parameters - Can be set up in boot.config
    "memorysetup-bucket-allocator-granularity=16"
    "memorysetup-bucket-allocator-bucket-count=8"
    "memorysetup-bucket-allocator-block-size=33554432"
    "memorysetup-bucket-allocator-block-count=8"
    "memorysetup-main-allocator-block-size=16777216"
    "memorysetup-thread-allocator-block-size=16777216"
    "memorysetup-gfx-main-allocator-block-size=16777216"
    "memorysetup-gfx-thread-allocator-block-size=16777216"
    "memorysetup-cache-allocator-block-size=4194304"
    "memorysetup-typetree-allocator-block-size=2097152"
    "memorysetup-profiler-bucket-allocator-granularity=16"
    "memorysetup-profiler-bucket-allocator-bucket-count=8"
    "memorysetup-profiler-bucket-allocator-block-size=33554432"
    "memorysetup-profiler-bucket-allocator-block-count=8"
    "memorysetup-profiler-allocator-block-size=16777216"
    "memorysetup-profiler-editor-allocator-block-size=1048576"
    "memorysetup-temp-allocator-size-main=16777216"
    "memorysetup-job-temp-allocator-block-size=2097152"
    "memorysetup-job-temp-allocator-block-size-background=1048576"
    "memorysetup-job-temp-allocator-reduction-small-platforms=262144"
    "memorysetup-temp-allocator-size-background-worker=32768"
    "memorysetup-temp-allocator-size-job-worker=262144"
    "memorysetup-temp-allocator-size-preload-manager=33554432"
    "memorysetup-temp-allocator-size-nav-mesh-worker=65536"
    "memorysetup-temp-allocator-size-audio-worker=65536"
    "memorysetup-temp-allocator-size-cloud-worker=32768"
    "memorysetup-temp-allocator-size-gi-baking-worker=262144"
    "memorysetup-temp-allocator-size-gfx=262144"
Refreshing native plugins compatible for Editor in 135.12 ms, found 3 plugins.
Preloading 0 native plugins for Editor in 0.00 ms.
Initialize engine version: 2021.3.9f1 (ad3870b89536)
[Subsystems] Discovering subsystems at path C:/Program Files/Unity/Hub/Editor/2021.3.9f1/Editor/Data/Resources/UnitySubsystems
[Subsystems] Discovering subsystems at path C:/Users/chris/CoolTester1/Assets
GfxDevice: creating device client; threaded=0; jobified=0
Direct3D:
    Version:  Direct3D 11.0 [level 11.1]
    Renderer: NVIDIA GeForce RTX 3060 Laptop GPU (ID=0x2520)
    Vendor:   NVIDIA
    VRAM:     6023 MB
    Driver:   30.0.15.1274
Initialize mono
Mono path[0] = 'C:/Program Files/Unity/Hub/Editor/2021.3.9f1/Editor/Data/Managed'
Mono path[1] = 'C:/Program Files/Unity/Hub/Editor/2021.3.9f1/Editor/Data/MonoBleedingEdge/lib/mono/unityjit-win32'
Mono config path = 'C:/Program Files/Unity/Hub/Editor/2021.3.9f1/Editor/Data/MonoBleedingEdge/etc'
Using monoOptions --debugger-agent=transport=dt_socket,embedding=1,server=y,suspend=n,address=127.0.0.1:56944
Begin MonoManager ReloadAssembly
Registering precompiled unity dll's ...
Register platform support module: C:/Program Files/Unity/Hub/Editor/2021.3.9f1/Editor/Data/PlaybackEngines/WebGLSupport/UnityEditor.WebGL.Extensions.dll
Register platform support module: C:/Program Files/Unity/Hub/Editor/2021.3.9f1/Editor/Data/PlaybackEngines/AndroidPlayer/UnityEditor.Android.Extensions.dll
Register platform support module: C:/Program Files/Unity/Hub/Editor/2021.3.9f1/Editor/Data/PlaybackEngines/iOSSupport/UnityEditor.iOS.Extensions.dll
Register platform support module: C:/Program Files/Unity/Hub/Editor/2021.3.9f1/Editor/Data/PlaybackEngines/WindowsStandaloneSupport/UnityEditor.WindowsStandalone.Extensions.dll
Register platform support module: C:/Program Files/Unity/Hub/Editor/2021.3.9f1/Editor/Data/PlaybackEngines/MetroSupport/UnityEditor.UWP.Extensions.dll
Registered in 0.006859 seconds.
Native extension for UWP target not found
Native extension for WindowsStandalone target not found
[usbmuxd] Start listen thread
[usbmuxd] Listen thread started
Native extension for iOS target not found
Native extension for Android target not found
Native extension for WebGL target not found
Refreshing native plugins compatible for Editor in 97.66 ms, found 3 plugins.
Preloading 0 native plugins for Editor in 0.00 ms.
Mono: successfully reloaded assembly
- Completed reload, in  0.557 seconds
Domain Reload Profiling:
	ReloadAssembly (557ms)
		BeginReloadAssembly (97ms)
			ExecutionOrderSort (0ms)
			DisableScriptedObjects (0ms)
			BackupInstance (0ms)
			ReleaseScriptingObjects (0ms)
			CreateAndSetChildDomain (1ms)
		EndReloadAssembly (378ms)
			LoadAssemblies (97ms)
			RebuildTransferFunctionScriptingTraits (0ms)
			SetupTypeCache (77ms)
			ReleaseScriptCaches (0ms)
			RebuildScriptCaches (19ms)
			SetupLoadedEditorAssemblies (242ms)
				LogAssemblyErrors (0ms)
				InitializePlatformSupportModulesInManaged (48ms)
				SetLoadedEditorAssemblies (0ms)
				RefreshPlugins (98ms)
				BeforeProcessingInitializeOnLoad (1ms)
				ProcessInitializeOnLoadAttributes (64ms)
				ProcessInitializeOnLoadMethodAttributes (31ms)
				AfterProcessingInitializeOnLoad (0ms)
				EditorAssembliesLoaded (0ms)
			ExecutionOrderSort2 (0ms)
			AwakeInstancesAfterBackupRestoration (0ms)
Platform modules already initialized, skipping
Registering precompiled user dll's ...
Registered in 0.025979 seconds.
Begin MonoManager ReloadAssembly
Symbol file LoadedFromMemory doesn't match image C:\Users\chris\CoolTester1\Library\PackageCache\com.unity.visualscripting@1.7.8\Editor\VisualScripting.Core\Dependencies\YamlDotNet\Unity.VisualScripting.YamlDotNet.dll
Symbol file LoadedFromMemory doesn't match image C:\Users\chris\CoolTester1\Library\PackageCache\com.unity.visualscripting@1.7.8\Editor\VisualScripting.Core\Dependencies\DotNetZip\Unity.VisualScripting.IonicZip.dll
Native extension for UWP target not found
Native extension for WindowsStandalone target not found
Native extension for iOS target not found
Native extension for Android target not found
Native extension for WebGL target not found
Refreshing native plugins compatible for Editor in 104.77 ms, found 3 plugins.
Preloading 0 native plugins for Editor in 0.00 ms.
Mono: successfully reloaded assembly
- Completed reload, in  1.502 seconds
Domain Reload Profiling:
	ReloadAssembly (1503ms)
		BeginReloadAssembly (258ms)
			ExecutionOrderSort (0ms)
			DisableScriptedObjects (5ms)
			BackupInstance (0ms)
			ReleaseScriptingObjects (1ms)
			CreateAndSetChildDomain (119ms)
		EndReloadAssembly (1156ms)
			LoadAssemblies (155ms)
			RebuildTransferFunctionScriptingTraits (0ms)
			SetupTypeCache (249ms)
			ReleaseScriptCaches (1ms)
			RebuildScriptCaches (54ms)
			SetupLoadedEditorAssemblies (712ms)
				LogAssemblyErrors (0ms)
				InitializePlatformSupportModulesInManaged (24ms)
				SetLoadedEditorAssemblies (0ms)
				RefreshPlugins (105ms)
				BeforeProcessingInitializeOnLoad (89ms)
				ProcessInitializeOnLoadAttributes (383ms)
				ProcessInitializeOnLoadMethodAttributes (103ms)
				AfterProcessingInitializeOnLoad (8ms)
				EditorAssembliesLoaded (0ms)
			ExecutionOrderSort2 (0ms)
			AwakeInstancesAfterBackupRestoration (6ms)
Platform modules already initialized, skipping
========================================================================
Worker process is ready to serve import requests
Launched and connected shader compiler UnityShaderCompiler.exe after 0.07 seconds
Refreshing native plugins compatible for Editor in 1.54 ms, found 3 plugins.
Preloading 0 native plugins for Editor in 0.00 ms.
Unloading 5612 Unused Serialized files (Serialized files now loaded: 0)
Unloading 42 unused Assets / (0.7 MB). Loaded Objects now: 6076.
Memory consumption went from 228.7 MB to 228.0 MB.
Total: 5.234000 ms (FindLiveObjects: 0.580700 ms CreateObjectMapping: 0.383100 ms MarkObjects: 3.981100 ms  DeleteObjects: 0.287500 ms)

AssetImportParameters requested are different than current active one (requested -> active):
  custom:video-decoder-ogg-theora: a1e56fd34408186e4bbccfd4996cb3dc -> 
  custom:container-muxer-webm: aa71ff27fc2769a1b78a27578f13a17b -> 
  custom:container-demuxer-webm: 4f35f7cbe854078d1ac9338744f61a02 -> 
  custom:video-encoder-webm-vp8: eb34c28f22e8b96e1ab97ce403110664 -> 
  custom:audio-encoder-webm-vorbis: bf7c407c2cedff20999df2af8eb42d56 -> 
  custom:framework-win-MediaFoundation: 216162199b28c13a410421893ffa2e32 -> 
  custom:container-demuxer-ogg: 62fdf1f143b41e24485cea50d1cbac27 -> 
  custom:video-decoder-webm-vp8: 9c59270c3fd7afecdb556c50c9e8de78 -> 
  custom:audio-decoder-ogg-vorbis: bf7c407c2cedff20999df2af8eb42d56 -> 
========================================================================
Received Import Request.
  Time since last request: 583464.396801 seconds.
  path: Assets/SyntyStudios/PolygonKnights/Prefabs/Buildings/SM_Bld_Church_Tower_02.prefab
  artifactKey: Guid(c2aeb3b938cb0f540a7cc83906bea6b0) Importer(815301076,1909f56bfc062723c751e8b465ee728b)
Start importing Assets/SyntyStudios/PolygonKnights/Prefabs/Buildings/SM_Bld_Church_Tower_02.prefab using Guid(c2aeb3b938cb0f540a7cc83906bea6b0) Importer(815301076,1909f56bfc062723c751e8b465ee728b)  -> (artifact id: '48672ce9752c2b57e352c71ff88a7786') in 0.281641 seconds 
========================================================================
Received Import Request.
  Time since last request: 0.000051 seconds.
  path: Assets/SyntyStudios/PolygonKnights/Prefabs/Buildings/SM_Bld_House_Door_01.prefab
  artifactKey: Guid(b4da227c9b849fe42ae5257c25064f33) Importer(815301076,1909f56bfc062723c751e8b465ee728b)
Start importing Assets/SyntyStudios/PolygonKnights/Prefabs/Buildings/SM_Bld_House_Door_01.prefab using Guid(b4da227c9b849fe42ae5257c25064f33) Importer(815301076,1909f56bfc062723c751e8b465ee728b)  -> (artifact id: '6320a1193c7ff27b5fd59f426c562dc5') in 0.022057 seconds 
========================================================================
Received Import Request.
  Time since last request: 0.000047 seconds.
  path: Assets/SyntyStudios/PolygonKnights/Prefabs/Buildings/Snow/SM_Bld_House_Door_03_Snow.prefab
  artifactKey: Guid(2b3dd500cc76b134abe2e583589dc5aa) Importer(815301076,1909f56bfc062723c751e8b465ee728b)
Start importing Assets/SyntyStudios/PolygonKnights/Prefabs/Buildings/Snow/SM_Bld_House_Door_03_Snow.prefab using Guid(2b3dd500cc76b134abe2e583589dc5aa) Importer(815301076,1909f56bfc062723c751e8b465ee728b)  -> (artifact id: '86e0ce404524f5d62170e1bf48bfa96f') in 0.019239 seconds 
========================================================================
Received Import Request.
  Time since last request: 0.000049 seconds.
  path: Assets/SyntyStudios/PolygonKnights/Prefabs/Buildings/SM_Bld_House_Foundation_05.prefab
  artifactKey: Guid(718ea5c67c197f54f8b02a9e57c8d21e) Importer(815301076,1909f56bfc062723c751e8b465ee728b)
Start importing Assets/SyntyStudios/PolygonKnights/Prefabs/Buildings/SM_Bld_House_Foundation_05.prefab using Guid(718ea5c67c197f54f8b02a9e57c8d21e) Importer(815301076,1909f56bfc062723c751e8b465ee728b)  -> (artifact id: '8880269b4029ff8049faadffbc63856a') in 0.029001 seconds 
========================================================================
Received Import Request.
  Time since last request: 0.000045 seconds.
  path: Assets/SyntyStudios/PolygonKnights/Prefabs/Buildings/Snow/SM_Bld_House_Chimney_05_Snow.prefab
  artifactKey: Guid(32bab9a3dd050d54f89eb90b65268771) Importer(815301076,1909f56bfc062723c751e8b465ee728b)
Start importing Assets/SyntyStudios/PolygonKnights/Prefabs/Buildings/Snow/SM_Bld_House_Chimney_05_Snow.prefab using Guid(32bab9a3dd050d54f89eb90b65268771) Importer(815301076,1909f56bfc062723c751e8b465ee728b)  -> (artifact id: 'e111e622249c11745a50073aaefae19d') in 0.020802 seconds 
========================================================================
Received Import Request.
  Time since last request: 0.000029 seconds.
  path: Assets/SyntyStudios/PolygonKnights/Prefabs/Buildings/SM_Bld_House_Foundation_04.prefab
  artifactKey: Guid(8c4ffe1cdf6340143be5ddb96c2c0c5b) Importer(815301076,1909f56bfc062723c751e8b465ee728b)
Start importing Assets/SyntyStudios/PolygonKnights/Prefabs/Buildings/SM_Bld_House_Foundation_04.prefab using Guid(8c4ffe1cdf6340143be5ddb96c2c0c5b) Importer(815301076,1909f56bfc062723c751e8b465ee728b)  -> (artifact id: '3cb91ec54963ef83b170f969d6a3c5fb') in 0.019446 seconds 
========================================================================
Received Import Request.
  Time since last request: 0.000022 seconds.
  path: Assets/SyntyStudios/PolygonKnights/Prefabs/Buildings/Snow/SM_Bld_House_Extension_02_Snow.prefab
  artifactKey: Guid(7d702b4197d952040be7f67952a88145) Importer(815301076,1909f56bfc062723c751e8b465ee728b)
Start importing Assets/SyntyStudios/PolygonKnights/Prefabs/Buildings/Snow/SM_Bld_House_Extension_02_Snow.prefab using Guid(7d702b4197d952040be7f67952a88145) Importer(815301076,1909f56bfc062723c751e8b465ee728b)  -> (artifact id: 'f6fbbd6d1adf01c797e5d86063c6e688') in 0.022760 seconds 
========================================================================
Received Import Request.
  Time since last request: 0.000029 seconds.
  path: Assets/SyntyStudios/PolygonKnights/Prefabs/Buildings/Snow/SM_Bld_House_Door_02_Snow.prefab
  artifactKey: Guid(2e67a11c88570aa44b81f74cfda3cb74) Importer(815301076,1909f56bfc062723c751e8b465ee728b)
Start importing Assets/SyntyStudios/PolygonKnights/Prefabs/Buildings/Snow/SM_Bld_House_Door_02_Snow.prefab using Guid(2e67a11c88570aa44b81f74cfda3cb74) Importer(815301076,1909f56bfc062723c751e8b465ee728b)  -> (artifact id: '627779a0117c08e5004b0c2a4afbc082') in 0.018877 seconds 
========================================================================
Received Import Request.
  Time since last request: 0.000047 seconds.
  path: Assets/SyntyStudios/PolygonCity/Prefabs/Buildings/SM_Bld_FireEscape_03.prefab
  artifactKey: Guid(0e83389f2726cec4b805919daeccf2f6) Importer(815301076,1909f56bfc062723c751e8b465ee728b)
Start importing Assets/SyntyStudios/PolygonCity/Prefabs/Buildings/SM_Bld_FireEscape_03.prefab using Guid(0e83389f2726cec4b805919daeccf2f6) Importer(815301076,1909f56bfc062723c751e8b465ee728b)  -> (artifact id: '4713cffb44b997e3abdfc3650ace3a64') in 0.033904 seconds 
========================================================================
Received Import Request.
  Time since last request: 0.284979 seconds.
  path: Assets/SyntyStudios/PolygonKnights/Prefabs/Buildings/Snow/SM_Bld_House_Room_05_Snow.prefab
  artifactKey: Guid(7476f1aab22a2454699bbfdcc4be0cf1) Importer(815301076,1909f56bfc062723c751e8b465ee728b)
Start importing Assets/SyntyStudios/PolygonKnights/Prefabs/Buildings/Snow/SM_Bld_House_Room_05_Snow.prefab using Guid(7476f1aab22a2454699bbfdcc4be0cf1) Importer(815301076,1909f56bfc062723c751e8b465ee728b)  -> (artifact id: '610318cd9c3b7751cc283b1f342afe4d') in 0.020643 seconds 
========================================================================
Received Import Request.
  Time since last request: 0.000030 seconds.
  path: Assets/SyntyStudios/PolygonKnights/Prefabs/Buildings/Snow/SM_Bld_House_RoomTall_04_Snow.prefab
  artifactKey: Guid(f4a88b3379d2f424eb2c3ceb06935499) Importer(815301076,1909f56bfc062723c751e8b465ee728b)
Start importing Assets/SyntyStudios/PolygonKnights/Prefabs/Buildings/Snow/SM_Bld_House_RoomTall_04_Snow.prefab using Guid(f4a88b3379d2f424eb2c3ceb06935499) Importer(815301076,1909f56bfc062723c751e8b465ee728b)  -> (artifact id: 'dcc46d92dd54280e729c719cf4d12ce4') in 0.018842 seconds 
========================================================================
Received Import Request.
  Time since last request: 0.000027 seconds.
  path: Assets/SyntyStudios/PolygonKnights/Prefabs/Buildings/SM_Bld_House_RoomTall_03.prefab
  artifactKey: Guid(00493817ea46851478eedace9c7071aa) Importer(815301076,1909f56bfc062723c751e8b465ee728b)
Start importing Assets/SyntyStudios/PolygonKnights/Prefabs/Buildings/SM_Bld_House_RoomTall_03.prefab using Guid(00493817ea46851478eedace9c7071aa) Importer(815301076,1909f56bfc062723c751e8b465ee728b)  -> (artifact id: '2f7d51eb62937d8a9f8695e072ce499c') in 0.015205 seconds 
========================================================================
Received Import Request.
  Time since last request: 0.000038 seconds.
  path: Assets/SyntyStudios/PolygonKnights/Prefabs/Buildings/SM_Bld_House_TopRoomSmall_02.prefab
  artifactKey: Guid(52b992277e821a8468fdeda3da875bf8) Importer(815301076,1909f56bfc062723c751e8b465ee728b)
Start importing Assets/SyntyStudios/PolygonKnights/Prefabs/Buildings/SM_Bld_House_TopRoomSmall_02.prefab using Guid(52b992277e821a8468fdeda3da875bf8) Importer(815301076,1909f56bfc062723c751e8b465ee728b)  -> (artifact id: '4b9d5f0870a211f5c2b847e80ab30bf0') in 0.021339 seconds 
========================================================================
Received Import Request.
  Time since last request: 0.000031 seconds.
  path: Assets/SyntyStudios/PolygonKnights/Prefabs/Buildings/Snow/SM_Bld_House_RoomTop_07_Snow.prefab
  artifactKey: Guid(69cd87ae941af3e44bb334080d25870a) Importer(815301076,1909f56bfc062723c751e8b465ee728b)
Start importing Assets/SyntyStudios/PolygonKnights/Prefabs/Buildings/Snow/SM_Bld_House_RoomTop_07_Snow.prefab using Guid(69cd87ae941af3e44bb334080d25870a) Importer(815301076,1909f56bfc062723c751e8b465ee728b)  -> (artifact id: '56e39efd5ef8ed898640210d22295cc1') in 0.023105 seconds 
========================================================================
Received Import Request.
  Time since last request: 0.000063 seconds.
  path: Assets/SyntyStudios/PolygonKnights/Prefabs/Buildings/Snow/SM_Bld_House_RoomTall_03_Snow.prefab
  artifactKey: Guid(c1066f86de4cb754e95145365338465a) Importer(815301076,1909f56bfc062723c751e8b465ee728b)
Start importing Assets/SyntyStudios/PolygonKnights/Prefabs/Buildings/Snow/SM_Bld_House_RoomTall_03_Snow.prefab using Guid(c1066f86de4cb754e95145365338465a) Importer(815301076,1909f56bfc062723c751e8b465ee728b)  -> (artifact id: '21d8a10b38c6433b96b5ee7d712d4cc1') in 0.027671 seconds 
========================================================================
Received Import Request.
  Time since last request: 0.000107 seconds.
  path: Assets/SyntyStudios/PolygonKnights/Prefabs/Buildings/SM_Bld_House_RoomTall_01.prefab
  artifactKey: Guid(8ab75cde856d2dc47a983c101385d00b) Importer(815301076,1909f56bfc062723c751e8b465ee728b)
Start importing Assets/SyntyStudios/PolygonKnights/Prefabs/Buildings/SM_Bld_House_RoomTall_01.prefab using Guid(8ab75cde856d2dc47a983c101385d00b) Importer(815301076,1909f56bfc062723c751e8b465ee728b)  -> (artifact id: 'd5ba0bc583eef25f8e542b21ce09e74c') in 0.020336 seconds 
========================================================================
Received Import Request.
  Time since last request: 0.000156 seconds.
  path: Assets/SyntyStudios/PolygonKnights/Prefabs/Buildings/SM_Bld_House_RoomTop_02.prefab
  artifactKey: Guid(138f01e248f319c4388a7199ae4e3eae) Importer(815301076,1909f56bfc062723c751e8b465ee728b)
Start importing Assets/SyntyStudios/PolygonKnights/Prefabs/Buildings/SM_Bld_House_RoomTop_02.prefab using Guid(138f01e248f319c4388a7199ae4e3eae) Importer(815301076,1909f56bfc062723c751e8b465ee728b)  -> (artifact id: '245d271bbcebbd7f6c75450731f7840f') in 0.022929 seconds 
========================================================================
Received Import Request.
  Time since last request: 0.000033 seconds.
  path: Assets/SyntyStudios/PolygonKnights/Prefabs/Buildings/SM_Bld_House_RoomTop_06.prefab
  artifactKey: Guid(346402d3a99cf4645b573a2679f4ee97) Importer(815301076,1909f56bfc062723c751e8b465ee728b)
Start importing Assets/SyntyStudios/PolygonKnights/Prefabs/Buildings/SM_Bld_House_RoomTop_06.prefab using Guid(346402d3a99cf4645b573a2679f4ee97) Importer(815301076,1909f56bfc062723c751e8b465ee728b)  -> (artifact id: '2ad35fab3c19a878b3e5f405ec30bcb4') in 0.034941 seconds 
========================================================================
Received Import Request.
  Time since last request: 0.010656 seconds.
  path: Assets/SyntyStudios/PolygonKnights/Prefabs/Buildings/Snow/SM_Bld_House_TopRoomSmall_06_Snow.prefab
  artifactKey: Guid(497279650d5e2ce4bba8f5179b8d1b78) Importer(815301076,1909f56bfc062723c751e8b465ee728b)
Start importing Assets/SyntyStudios/PolygonKnights/Prefabs/Buildings/Snow/SM_Bld_House_TopRoomSmall_06_Snow.prefab using Guid(497279650d5e2ce4bba8f5179b8d1b78) Importer(815301076,1909f56bfc062723c751e8b465ee728b)  -> (artifact id: '931fde185c7384ad2dc155d9020f42c3') in 0.017897 seconds 
========================================================================
Received Import Request.
  Time since last request: 0.000051 seconds.
  path: Assets/SyntyStudios/PolygonKnights/Prefabs/Buildings/SM_Bld_House_Window_01.prefab
  artifactKey: Guid(24ad2ff28aff08c42a86587e931bae5e) Importer(815301076,1909f56bfc062723c751e8b465ee728b)
Start importing Assets/SyntyStudios/PolygonKnights/Prefabs/Buildings/SM_Bld_House_Window_01.prefab using Guid(24ad2ff28aff08c42a86587e931bae5e) Importer(815301076,1909f56bfc062723c751e8b465ee728b)  -> (artifact id: 'fe6065307905f62156f7a3298f40e800') in 0.019443 seconds 
========================================================================
Received Import Request.
  Time since last request: 0.000144 seconds.
  path: Assets/SyntyStudios/PolygonAdventure/Prefabs/Buildings/SM_Bld_HutDoor_01.prefab
  artifactKey: Guid(d6bd438face5064429592ccc1fbb235b) Importer(815301076,1909f56bfc062723c751e8b465ee728b)
Start importing Assets/SyntyStudios/PolygonAdventure/Prefabs/Buildings/SM_Bld_HutDoor_01.prefab using Guid(d6bd438face5064429592ccc1fbb235b) Importer(815301076,1909f56bfc062723c751e8b465ee728b)  -> (artifact id: 'ca34bdc95c4638301169912a5ada3917') in 0.014576 seconds 
========================================================================
Received Import Request.
  Time since last request: 0.000073 seconds.
  path: Assets/SyntyStudios/PolygonKnights/Prefabs/Buildings/SM_Bld_Leanto_01.prefab
  artifactKey: Guid(c34c166783f3c744686ef9143de6e3fe) Importer(815301076,1909f56bfc062723c751e8b465ee728b)
Start importing Assets/SyntyStudios/PolygonKnights/Prefabs/Buildings/SM_Bld_Leanto_01.prefab using Guid(c34c166783f3c744686ef9143de6e3fe) Importer(815301076,1909f56bfc062723c751e8b465ee728b)  -> (artifact id: 'c07d1aabab576c4ecc479d55a2c655d0') in 0.019730 seconds 
========================================================================
Received Import Request.
  Time since last request: 0.000060 seconds.
  path: Assets/SyntyStudios/PolygonCity/Prefabs/Buildings/SM_Bld_OfficeSquare_01.prefab
  artifactKey: Guid(f70c8059d9b8d60429d824a17015ed49) Importer(815301076,1909f56bfc062723c751e8b465ee728b)
Start importing Assets/SyntyStudios/PolygonCity/Prefabs/Buildings/SM_Bld_OfficeSquare_01.prefab using Guid(f70c8059d9b8d60429d824a17015ed49) Importer(815301076,1909f56bfc062723c751e8b465ee728b)  -> (artifact id: '60daf2825347dcd2d966a722a3d65d7c') in 0.033011 seconds 
========================================================================
Received Import Request.
  Time since last request: 0.000031 seconds.
  path: Assets/SyntyStudios/PolygonCity/Prefabs/Buildings/SM_Bld_OfficeRound_Base_01.prefab
  artifactKey: Guid(d8907e78c2c985144ab39a324c8597ea) Importer(815301076,1909f56bfc062723c751e8b465ee728b)
Start importing Assets/SyntyStudios/PolygonCity/Prefabs/Buildings/SM_Bld_OfficeRound_Base_01.prefab using Guid(d8907e78c2c985144ab39a324c8597ea) Importer(815301076,1909f56bfc062723c751e8b465ee728b)  -> (artifact id: '805f7534728f313cebcdae0fa0baaae4') in 0.035620 seconds 
========================================================================
Received Import Request.
  Time since last request: 0.000034 seconds.
  path: Assets/SyntyStudios/PolygonCity/Prefabs/Buildings/SM_Bld_OfficeOld_Small_Base_01.prefab
  artifactKey: Guid(95640d38768b9f44bbf39ed3421ec759) Importer(815301076,1909f56bfc062723c751e8b465ee728b)
Start importing Assets/SyntyStudios/PolygonCity/Prefabs/Buildings/SM_Bld_OfficeOld_Small_Base_01.prefab using Guid(95640d38768b9f44bbf39ed3421ec759) Importer(815301076,1909f56bfc062723c751e8b465ee728b)  -> (artifact id: '0beeaa5b85910ae70d52c33cf82ed68b') in 0.040577 seconds 
========================================================================
Received Import Request.
  Time since last request: 0.000066 seconds.
  path: Assets/SyntyStudios/PolygonKnights/Prefabs/Buildings/SM_Bld_House_Tower_01.prefab
  artifactKey: Guid(141aa4408d61bc244a29ea886cc08ae3) Importer(815301076,1909f56bfc062723c751e8b465ee728b)
Start importing Assets/SyntyStudios/PolygonKnights/Prefabs/Buildings/SM_Bld_House_Tower_01.prefab using Guid(141aa4408d61bc244a29ea886cc08ae3) Importer(815301076,1909f56bfc062723c751e8b465ee728b)  -> (artifact id: 'e7139a851fe9cd416090539e7fdda031') in 0.024432 seconds 
========================================================================
Received Import Request.
  Time since last request: 0.000100 seconds.
  path: Assets/SyntyStudios/PolygonKnights/Prefabs/Buildings/SM_Bld_House_Window_05.prefab
  artifactKey: Guid(a1a07b9b24914d24bb141f7166159b26) Importer(815301076,1909f56bfc062723c751e8b465ee728b)
Start importing Assets/SyntyStudios/PolygonKnights/Prefabs/Buildings/SM_Bld_House_Window_05.prefab using Guid(a1a07b9b24914d24bb141f7166159b26) Importer(815301076,1909f56bfc062723c751e8b465ee728b)  -> (artifact id: 'd868eafa216dc7d1e60ddb59538245ea') in 0.024943 seconds 
========================================================================
Received Import Request.
  Time since last request: 0.000065 seconds.
  path: Assets/SyntyStudios/PolygonSamples/PolygonSciFiCity/Prefabs/SM_Bld_Large_06.prefab
  artifactKey: Guid(06495a71460b0ba41a3bf455616d92e7) Importer(815301076,1909f56bfc062723c751e8b465ee728b)
Start importing Assets/SyntyStudios/PolygonSamples/PolygonSciFiCity/Prefabs/SM_Bld_Large_06.prefab using Guid(06495a71460b0ba41a3bf455616d92e7) Importer(815301076,1909f56bfc062723c751e8b465ee728b)  -> (artifact id: '7d02f5fa071366270dbae428fab181d7') in 0.018186 seconds 
========================================================================
Received Import Request.
  Time since last request: 0.038640 seconds.
  path: Assets/SyntyStudios/PolygonCity/Prefabs/Buildings/SM_Bld_OfficeSquare_Base_01.prefab
  artifactKey: Guid(e2b1e7ce58c743c4d8d59a66eec6422b) Importer(815301076,1909f56bfc062723c751e8b465ee728b)
Start importing Assets/SyntyStudios/PolygonCity/Prefabs/Buildings/SM_Bld_OfficeSquare_Base_01.prefab using Guid(e2b1e7ce58c743c4d8d59a66eec6422b) Importer(815301076,1909f56bfc062723c751e8b465ee728b)  -> (artifact id: '79adcd2cff44bebd3056ba5350234c4c') in 0.030308 seconds 
========================================================================
Received Import Request.
  Time since last request: 0.000049 seconds.
  path: Assets/SyntyStudios/PolygonCity/Prefabs/Buildings/SM_Bld_Shop_03.prefab
  artifactKey: Guid(e390f42c7625c914e9082218b571c91a) Importer(815301076,1909f56bfc062723c751e8b465ee728b)
Start importing Assets/SyntyStudios/PolygonCity/Prefabs/Buildings/SM_Bld_Shop_03.prefab using Guid(e390f42c7625c914e9082218b571c91a) Importer(815301076,1909f56bfc062723c751e8b465ee728b)  -> (artifact id: '7914b95f82a1f7ffa0f5308463dae17b') in 0.026468 seconds 
========================================================================
Received Import Request.
  Time since last request: 0.000034 seconds.
  path: Assets/SyntyStudios/PolygonCity/Prefabs/Buildings/SM_Bld_Shop_Cover_03.prefab
  artifactKey: Guid(ea35cb37dd8ed464a813dd7e683a94b6) Importer(815301076,1909f56bfc062723c751e8b465ee728b)
Start importing Assets/SyntyStudios/PolygonCity/Prefabs/Buildings/SM_Bld_Shop_Cover_03.prefab using Guid(ea35cb37dd8ed464a813dd7e683a94b6) Importer(815301076,1909f56bfc062723c751e8b465ee728b)  -> (artifact id: '4bcd27fd50df51996581f0768d4b5895') in 0.027706 seconds 
========================================================================
Received Import Request.
  Time since last request: 0.000046 seconds.
  path: Assets/SyntyStudios/PolygonKnights/Prefabs/Buildings/SM_Bld_StairsLarge_Corner_02.prefab
  artifactKey: Guid(a376f41ee08c8f14491774192b7dad79) Importer(815301076,1909f56bfc062723c751e8b465ee728b)
Start importing Assets/SyntyStudios/PolygonKnights/Prefabs/Buildings/SM_Bld_StairsLarge_Corner_02.prefab using Guid(a376f41ee08c8f14491774192b7dad79) Importer(815301076,1909f56bfc062723c751e8b465ee728b)  -> (artifact id: '6403c669426aa45711aabcae46264956') in 0.018328 seconds 
========================================================================
Received Import Request.
  Time since last request: 0.000061 seconds.
  path: Assets/SyntyStudios/PolygonKnights/Prefabs/Buildings/Snow/SM_Bld_Rockwall_Straight_01_Snow.prefab
  artifactKey: Guid(3723d64fc927cf64dbe02ccedc32cfc9) Importer(815301076,1909f56bfc062723c751e8b465ee728b)
Start importing Assets/SyntyStudios/PolygonKnights/Prefabs/Buildings/Snow/SM_Bld_Rockwall_Straight_01_Snow.prefab using Guid(3723d64fc927cf64dbe02ccedc32cfc9) Importer(815301076,1909f56bfc062723c751e8b465ee728b)  -> (artifact id: '28f6049cf203a3508438e2212719c267') in 0.019471 seconds 
========================================================================
Received Import Request.
  Time since last request: 0.000107 seconds.
  path: Assets/SyntyStudios/PolygonKnights/Prefabs/Buildings/SM_Bld_Rockwall_StairArchway_01.prefab
  artifactKey: Guid(3040add481816674e8d54cd9e3a78aac) Importer(815301076,1909f56bfc062723c751e8b465ee728b)
Start importing Assets/SyntyStudios/PolygonKnights/Prefabs/Buildings/SM_Bld_Rockwall_StairArchway_01.prefab using Guid(3040add481816674e8d54cd9e3a78aac) Importer(815301076,1909f56bfc062723c751e8b465ee728b)  -> (artifact id: 'f89150cde725210ed19f8795b5ca8975') in 0.021377 seconds 
========================================================================
Received Import Request.
  Time since last request: 0.000042 seconds.
  path: Assets/SyntyStudios/PolygonKnights/Prefabs/Buildings/SM_Bld_StairsLarge_01.prefab
  artifactKey: Guid(60b9638239615e4458f5dc2aa7892cce) Importer(815301076,1909f56bfc062723c751e8b465ee728b)
Start importing Assets/SyntyStudios/PolygonKnights/Prefabs/Buildings/SM_Bld_StairsLarge_01.prefab using Guid(60b9638239615e4458f5dc2aa7892cce) Importer(815301076,1909f56bfc062723c751e8b465ee728b)  -> (artifact id: '2be95497914149c83f9955991cef9b7e') in 0.019656 seconds 
========================================================================
Received Import Request.
  Time since last request: 0.040997 seconds.
  path: Assets/SyntyStudios/PolygonAdventure/Prefabs/Buildings/SM_Bld_Stall_03.prefab
  artifactKey: Guid(9f5eeb56cc1751143955526d56c06622) Importer(815301076,1909f56bfc062723c751e8b465ee728b)
Start importing Assets/SyntyStudios/PolygonAdventure/Prefabs/Buildings/SM_Bld_Stall_03.prefab using Guid(9f5eeb56cc1751143955526d56c06622) Importer(815301076,1909f56bfc062723c751e8b465ee728b)  -> (artifact id: 'e6872ef8feed49e36657c9ad1e80ca03') in 0.017042 seconds 
========================================================================
Received Import Request.
  Time since last request: 0.000034 seconds.
  path: Assets/SyntyStudios/PolygonAdventure/Prefabs/Buildings/SM_Bld_Stall_Cover_03.prefab
  artifactKey: Guid(527273c9b3ce5ff4a9e2cf04a7919855) Importer(815301076,1909f56bfc062723c751e8b465ee728b)
Start importing Assets/SyntyStudios/PolygonAdventure/Prefabs/Buildings/SM_Bld_Stall_Cover_03.prefab using Guid(527273c9b3ce5ff4a9e2cf04a7919855) Importer(815301076,1909f56bfc062723c751e8b465ee728b)  -> (artifact id: 'e845ef56cab2dff6ce8d9fcdb6b24f07') in 0.019247 seconds 
========================================================================
Received Import Request.
  Time since last request: 0.000031 seconds.
  path: Assets/SyntyStudios/PolygonAdventure/Prefabs/Buildings/SM_Bld_Village_02.prefab
  artifactKey: Guid(f65a7bee03bbc4542a4af2c67922b549) Importer(815301076,1909f56bfc062723c751e8b465ee728b)
Start importing Assets/SyntyStudios/PolygonAdventure/Prefabs/Buildings/SM_Bld_Village_02.prefab using Guid(f65a7bee03bbc4542a4af2c67922b549) Importer(815301076,1909f56bfc062723c751e8b465ee728b)  -> (artifact id: 'b2d35503177bf024781a6380319d1356') in 0.018310 seconds 
========================================================================
Received Import Request.
  Time since last request: 0.000036 seconds.
  path: Assets/SyntyStudios/PolygonAdventure/Prefabs/Buildings/SM_Bld_Well_01.prefab
  artifactKey: Guid(c3cca5509b7c2c34fa8af39b8533c9bb) Importer(815301076,1909f56bfc062723c751e8b465ee728b)
Start importing Assets/SyntyStudios/PolygonAdventure/Prefabs/Buildings/SM_Bld_Well_01.prefab using Guid(c3cca5509b7c2c34fa8af39b8533c9bb) Importer(815301076,1909f56bfc062723c751e8b465ee728b)  -> (artifact id: 'fbeeffeb0334b4eeb7389edd3f9c75bc') in 0.019128 seconds 
========================================================================
Received Import Request.
  Time since last request: 0.000033 seconds.
  path: Assets/SyntyStudios/PolygonAdventure/Prefabs/Buildings/SM_Bld_Village_01.prefab
  artifactKey: Guid(ffac72511f45da24f8b43f004d2d48b2) Importer(815301076,1909f56bfc062723c751e8b465ee728b)
Start importing Assets/SyntyStudios/PolygonAdventure/Prefabs/Buildings/SM_Bld_Village_01.prefab using Guid(ffac72511f45da24f8b43f004d2d48b2) Importer(815301076,1909f56bfc062723c751e8b465ee728b)  -> (artifact id: '66fddca83dc3e8397eaa6dc19b923709') in 0.019244 seconds 
========================================================================
Received Import Request.
  Time since last request: 0.000034 seconds.
  path: Assets/SyntyStudios/PolygonAdventure/Prefabs/Buildings/SM_Bld_Village_03.prefab
  artifactKey: Guid(5f8835a0f81a6c1489b93bed7c675488) Importer(815301076,1909f56bfc062723c751e8b465ee728b)
Start importing Assets/SyntyStudios/PolygonAdventure/Prefabs/Buildings/SM_Bld_Village_03.prefab using Guid(5f8835a0f81a6c1489b93bed7c675488) Importer(815301076,1909f56bfc062723c751e8b465ee728b)  -> (artifact id: 'f17e63e77eb28c7c31fa7d1dd37f4b3f') in 0.019411 seconds 
========================================================================
Received Import Request.
  Time since last request: 0.000034 seconds.
  path: Assets/SyntyStudios/PolygonKnights/Prefabs/Buildings/Snow/SM_Bld_Tent_01_Snow.prefab
  artifactKey: Guid(a5a3ac181ea8b0648a6d9e47a4e9871d) Importer(815301076,1909f56bfc062723c751e8b465ee728b)
Start importing Assets/SyntyStudios/PolygonKnights/Prefabs/Buildings/Snow/SM_Bld_Tent_01_Snow.prefab using Guid(a5a3ac181ea8b0648a6d9e47a4e9871d) Importer(815301076,1909f56bfc062723c751e8b465ee728b)  -> (artifact id: 'c3f6454f2910753c83fa41c7850254c4') in 0.024442 seconds 
========================================================================
Received Import Request.
  Time since last request: 0.080954 seconds.
  path: Assets/SyntyStudios/PolygonStarter/PolygonPrototype/Prefabs/Buildings/Simple/SM_Buildings_Column_2x3_01.prefab
  artifactKey: Guid(7a452e5924cd9994487b6bf6e78c5b14) Importer(815301076,1909f56bfc062723c751e8b465ee728b)
Start importing Assets/SyntyStudios/PolygonStarter/PolygonPrototype/Prefabs/Buildings/Simple/SM_Buildings_Column_2x3_01.prefab using Guid(7a452e5924cd9994487b6bf6e78c5b14) Importer(815301076,1909f56bfc062723c751e8b465ee728b)  -> (artifact id: '73c4db431abc1138575cb02efb3776a9') in 0.021493 seconds 
========================================================================
Received Import Request.
  Time since last request: 0.000037 seconds.
  path: Assets/SyntyStudios/PolygonStarter/PolygonPrototype/Prefabs/Buildings/Polygon/SM_Buildings_FloorAngle_5x5_01P.prefab
  artifactKey: Guid(9987669d5dc94af478689af7ec39dcb2) Importer(815301076,1909f56bfc062723c751e8b465ee728b)
Start importing Assets/SyntyStudios/PolygonStarter/PolygonPrototype/Prefabs/Buildings/Polygon/SM_Buildings_FloorAngle_5x5_01P.prefab using Guid(9987669d5dc94af478689af7ec39dcb2) Importer(815301076,1909f56bfc062723c751e8b465ee728b)  -> (artifact id: '19251e60c18a88e1f2dc4cbc6f0259c9') in 0.019061 seconds 
========================================================================
Received Import Request.
  Time since last request: 0.000108 seconds.
  path: Assets/SyntyStudios/PolygonStarter/PolygonPrototype/Prefabs/Buildings/Simple/SM_Buildings_FloorCurved_5x5_01.prefab
  artifactKey: Guid(3dc60dea7625f644582d74a5afd3307a) Importer(815301076,1909f56bfc062723c751e8b465ee728b)
Start importing Assets/SyntyStudios/PolygonStarter/PolygonPrototype/Prefabs/Buildings/Simple/SM_Buildings_FloorCurved_5x5_01.prefab using Guid(3dc60dea7625f644582d74a5afd3307a) Importer(815301076,1909f56bfc062723c751e8b465ee728b)  -> (artifact id: '14dee5023d9bf2d7228ac3e565c18f5d') in 0.018135 seconds 
========================================================================
Received Import Request.
  Time since last request: 0.000074 seconds.
  path: Assets/SyntyStudios/PolygonStarter/PolygonPrototype/Prefabs/Buildings/Simple/SM_Buildings_DoorFrame_01.prefab
  artifactKey: Guid(08359538d5ddc2841a5e2aa95189861b) Importer(815301076,1909f56bfc062723c751e8b465ee728b)
Start importing Assets/SyntyStudios/PolygonStarter/PolygonPrototype/Prefabs/Buildings/Simple/SM_Buildings_DoorFrame_01.prefab using Guid(08359538d5ddc2841a5e2aa95189861b) Importer(815301076,1909f56bfc062723c751e8b465ee728b)  -> (artifact id: 'ce61a541e31661da88df7f0a4bdacefc') in 0.018726 seconds 
========================================================================
Received Import Request.
  Time since last request: 0.000065 seconds.
  path: Assets/SyntyStudios/PolygonStarter/PolygonPrototype/Prefabs/Buildings/Simple/SM_Buildings_FloorAngle_5x5_01.prefab
  artifactKey: Guid(84485a7b656e3b646a36abd24a89eb9c) Importer(815301076,1909f56bfc062723c751e8b465ee728b)
Start importing Assets/SyntyStudios/PolygonStarter/PolygonPrototype/Prefabs/Buildings/Simple/SM_Buildings_FloorAngle_5x5_01.prefab using Guid(84485a7b656e3b646a36abd24a89eb9c) Importer(815301076,1909f56bfc062723c751e8b465ee728b)  -> (artifact id: 'f40ba03dd8de748af05c28b6a46c4ccc') in 0.014919 seconds 
========================================================================
Received Import Request.
  Time since last request: 0.000049 seconds.
  path: Assets/SyntyStudios/PolygonStarter/PolygonPrototype/Prefabs/Buildings/Simple/SM_Buildings_Floor_2x2_01.prefab
  artifactKey: Guid(9d12464ab7195104c9a0ed50a08ccbea) Importer(815301076,1909f56bfc062723c751e8b465ee728b)
Start importing Assets/SyntyStudios/PolygonStarter/PolygonPrototype/Prefabs/Buildings/Simple/SM_Buildings_Floor_2x2_01.prefab using Guid(9d12464ab7195104c9a0ed50a08ccbea) Importer(815301076,1909f56bfc062723c751e8b465ee728b)  -> (artifact id: '99b15371c9866399568c4b8262bcbe1b') in 0.019396 seconds 
========================================================================
Received Import Request.
  Time since last request: 0.111436 seconds.
  path: Assets/SyntyStudios/PolygonStarter/PolygonPrototype/Prefabs/Buildings/Simple/SM_Buildings_Rail_1x1_01.prefab
  artifactKey: Guid(c83b35f800219e4499c098967c5f2628) Importer(815301076,1909f56bfc062723c751e8b465ee728b)
Start importing Assets/SyntyStudios/PolygonStarter/PolygonPrototype/Prefabs/Buildings/Simple/SM_Buildings_Rail_1x1_01.prefab using Guid(c83b35f800219e4499c098967c5f2628) Importer(815301076,1909f56bfc062723c751e8b465ee728b)  -> (artifact id: '4c758143508bb6cfb09ff1e77898ed5e') in 0.017686 seconds 
========================================================================
Received Import Request.
  Time since last request: 0.000034 seconds.
  path: Assets/SyntyStudios/PolygonStarter/PolygonPrototype/Prefabs/Buildings/Simple/SM_Buildings_RailStairs_1x1_01.prefab
  artifactKey: Guid(cfa5dfa508247ba4f9251228096d5f4d) Importer(815301076,1909f56bfc062723c751e8b465ee728b)
Start importing Assets/SyntyStudios/PolygonStarter/PolygonPrototype/Prefabs/Buildings/Simple/SM_Buildings_RailStairs_1x1_01.prefab using Guid(cfa5dfa508247ba4f9251228096d5f4d) Importer(815301076,1909f56bfc062723c751e8b465ee728b)  -> (artifact id: 'b1402b12f8d6cb80751928dfff276479') in 0.018355 seconds 
========================================================================
Received Import Request.
  Time since last request: 0.029099 seconds.
  path: Assets/SyntyStudios/PolygonStarter/PolygonPrototype/Prefabs/Buildings/Polygon/SM_Buildings_RoofAngled_2x2_01P.prefab
  artifactKey: Guid(356c770e2a9269d4b9f85dfa46bf5daf) Importer(815301076,1909f56bfc062723c751e8b465ee728b)
Start importing Assets/SyntyStudios/PolygonStarter/PolygonPrototype/Prefabs/Buildings/Polygon/SM_Buildings_RoofAngled_2x2_01P.prefab using Guid(356c770e2a9269d4b9f85dfa46bf5daf) Importer(815301076,1909f56bfc062723c751e8b465ee728b)  -> (artifact id: '8bf2593c3a09093ac79f222dd22de8a5') in 0.013250 seconds 
========================================================================
Received Import Request.
  Time since last request: 0.208584 seconds.
  path: Assets/SyntyStudios/PolygonStarter/PolygonPrototype/Prefabs/Buildings/Simple/SM_Buildings_RoofAngledCornerInner_2x2_01.prefab
  artifactKey: Guid(a23cdedf585b63e44a17d731a019e611) Importer(815301076,1909f56bfc062723c751e8b465ee728b)
Start importing Assets/SyntyStudios/PolygonStarter/PolygonPrototype/Prefabs/Buildings/Simple/SM_Buildings_RoofAngledCornerInner_2x2_01.prefab using Guid(a23cdedf585b63e44a17d731a019e611) Importer(815301076,1909f56bfc062723c751e8b465ee728b)  -> (artifact id: 'e1c77db19de30b7a34dbe609600627dd') in 0.017401 seconds 
========================================================================
Received Import Request.
  Time since last request: 0.000023 seconds.
  path: Assets/SyntyStudios/PolygonStarter/PolygonPrototype/Prefabs/Buildings/Polygon/SM_Buildings_RoofAngledCornerMiddle_5x5_01P.prefab
  artifactKey: Guid(cdf82fc14962eaf4889b9fef60381182) Importer(815301076,1909f56bfc062723c751e8b465ee728b)
Start importing Assets/SyntyStudios/PolygonStarter/PolygonPrototype/Prefabs/Buildings/Polygon/SM_Buildings_RoofAngledCornerMiddle_5x5_01P.prefab using Guid(cdf82fc14962eaf4889b9fef60381182) Importer(815301076,1909f56bfc062723c751e8b465ee728b)  -> (artifact id: 'd147a8e61e271fa5781aae3e07b6afed') in 0.018723 seconds 
========================================================================
Received Import Request.
  Time since last request: 0.000037 seconds.
  path: Assets/SyntyStudios/PolygonStarter/PolygonPrototype/Prefabs/Buildings/Simple/SM_Buildings_RoofAngledPoint_1x1_01.prefab
  artifactKey: Guid(55154868616fbb64c852d8769f3082f5) Importer(815301076,1909f56bfc062723c751e8b465ee728b)
Start importing Assets/SyntyStudios/PolygonStarter/PolygonPrototype/Prefabs/Buildings/Simple/SM_Buildings_RoofAngledPoint_1x1_01.prefab using Guid(55154868616fbb64c852d8769f3082f5) Importer(815301076,1909f56bfc062723c751e8b465ee728b)  -> (artifact id: 'b6a315bc669724347b09ad224fc0974c') in 0.015310 seconds 
========================================================================
Received Import Request.
  Time since last request: 0.000030 seconds.
  path: Assets/SyntyStudios/PolygonStarter/PolygonPrototype/Prefabs/Buildings/Simple/SM_Buildings_Stairs_1x1_02.prefab
  artifactKey: Guid(e816ed95b763b34459ce693faf289f78) Importer(815301076,1909f56bfc062723c751e8b465ee728b)
Start importing Assets/SyntyStudios/PolygonStarter/PolygonPrototype/Prefabs/Buildings/Simple/SM_Buildings_Stairs_1x1_02.prefab using Guid(e816ed95b763b34459ce693faf289f78) Importer(815301076,1909f56bfc062723c751e8b465ee728b)  -> (artifact id: 'db4fc0584dc76a1033c391d4095c104f') in 0.014661 seconds 
========================================================================
Received Import Request.
  Time since last request: 0.000044 seconds.
  path: Assets/SyntyStudios/PolygonStarter/PolygonPrototype/Prefabs/Buildings/Polygon/SM_Buildings_Wall_5x3_01P.prefab
  artifactKey: Guid(a2fe7f9dc74a5ff4696014f411430c80) Importer(815301076,1909f56bfc062723c751e8b465ee728b)
Start importing Assets/SyntyStudios/PolygonStarter/PolygonPrototype/Prefabs/Buildings/Polygon/SM_Buildings_Wall_5x3_01P.prefab using Guid(a2fe7f9dc74a5ff4696014f411430c80) Importer(815301076,1909f56bfc062723c751e8b465ee728b)  -> (artifact id: '4bfac475f4b649dd2b79266ba5c48619') in 0.021868 seconds 
========================================================================
Received Import Request.
  Time since last request: 0.000041 seconds.
  path: Assets/SyntyStudios/PolygonStarter/PolygonPrototype/Prefabs/Buildings/Simple/SM_Buildings_Stairs_1x2_01.prefab
  artifactKey: Guid(70fa831f0af33c84da31f1d112cc5a21) Importer(815301076,1909f56bfc062723c751e8b465ee728b)
Start importing Assets/SyntyStudios/PolygonStarter/PolygonPrototype/Prefabs/Buildings/Simple/SM_Buildings_Stairs_1x2_01.prefab using Guid(70fa831f0af33c84da31f1d112cc5a21) Importer(815301076,1909f56bfc062723c751e8b465ee728b)  -> (artifact id: '18f879736431dbd43c9a72ada4d82e4b') in 0.019163 seconds 
========================================================================
Received Import Request.
  Time since last request: 0.000027 seconds.
  path: Assets/SyntyStudios/PolygonStarter/PolygonPrototype/Prefabs/Buildings/Simple/SM_Buildings_WallChamfered_1x1_01.prefab
  artifactKey: Guid(1222d2e9b6ea4c8478d75934e9a98b46) Importer(815301076,1909f56bfc062723c751e8b465ee728b)
Start importing Assets/SyntyStudios/PolygonStarter/PolygonPrototype/Prefabs/Buildings/Simple/SM_Buildings_WallChamfered_1x1_01.prefab using Guid(1222d2e9b6ea4c8478d75934e9a98b46) Importer(815301076,1909f56bfc062723c751e8b465ee728b)  -> (artifact id: 'f3f935131164c307ba24e5b82b7d90ca') in 0.017663 seconds 
========================================================================
Received Import Request.
  Time since last request: 0.000026 seconds.
  path: Assets/SyntyStudios/PolygonStarter/PolygonPrototype/Prefabs/Buildings/Polygon/SM_Buildings_RoofAngledPoint_5x5_01P.prefab
  artifactKey: Guid(97b1a05acff8ab1418b779c19a097f0b) Importer(815301076,1909f56bfc062723c751e8b465ee728b)
Start importing Assets/SyntyStudios/PolygonStarter/PolygonPrototype/Prefabs/Buildings/Polygon/SM_Buildings_RoofAngledPoint_5x5_01P.prefab using Guid(97b1a05acff8ab1418b779c19a097f0b) Importer(815301076,1909f56bfc062723c751e8b465ee728b)  -> (artifact id: '4de5d0f400c6d02b79c3a3903b6aab70') in 0.020847 seconds 
========================================================================
Received Import Request.
  Time since last request: 0.000024 seconds.
  path: Assets/SyntyStudios/PolygonStarter/PolygonPrototype/Prefabs/Buildings/Simple/SM_Buildings_RoofAngledCornerMiddle_5x5_01.prefab
  artifactKey: Guid(6b6bbc7b5d3c19e408cda087dc5f2ded) Importer(815301076,1909f56bfc062723c751e8b465ee728b)
Start importing Assets/SyntyStudios/PolygonStarter/PolygonPrototype/Prefabs/Buildings/Simple/SM_Buildings_RoofAngledCornerMiddle_5x5_01.prefab using Guid(6b6bbc7b5d3c19e408cda087dc5f2ded) Importer(815301076,1909f56bfc062723c751e8b465ee728b)  -> (artifact id: 'cac4b140f0db889a93e8b9adea5a2f3b') in 0.016411 seconds 
========================================================================
Received Import Request.
  Time since last request: 0.000048 seconds.
  path: Assets/SyntyStudios/PolygonStarter/PolygonPrototype/Prefabs/Buildings/Simple/SM_Buildings_Stairs_1x2_02.prefab
  artifactKey: Guid(88cb7b79157cc554f995cbc6280558f7) Importer(815301076,1909f56bfc062723c751e8b465ee728b)
Start importing Assets/SyntyStudios/PolygonStarter/PolygonPrototype/Prefabs/Buildings/Simple/SM_Buildings_Stairs_1x2_02.prefab using Guid(88cb7b79157cc554f995cbc6280558f7) Importer(815301076,1909f56bfc062723c751e8b465ee728b)  -> (artifact id: '4d1817f6a5b9f883eb8543c866413e09') in 0.014767 seconds 
========================================================================
Received Import Request.
  Time since last request: 0.022327 seconds.
  path: Assets/SyntyStudios/PolygonStarter/PolygonPrototype/Prefabs/Buildings/Simple/SM_Buildings_WallCurved_1x1_01.prefab
  artifactKey: Guid(17e0b2b899954964ba707a1a2fcaf43a) Importer(815301076,1909f56bfc062723c751e8b465ee728b)
Start importing Assets/SyntyStudios/PolygonStarter/PolygonPrototype/Prefabs/Buildings/Simple/SM_Buildings_WallCurved_1x1_01.prefab using Guid(17e0b2b899954964ba707a1a2fcaf43a) Importer(815301076,1909f56bfc062723c751e8b465ee728b)  -> (artifact id: 'cf29ed4891bcc8d39a8731384ed667fc') in 0.015594 seconds 
========================================================================
Received Import Request.
  Time since last request: 0.000023 seconds.
  path: Assets/SyntyStudios/PolygonStarter/PolygonPrototype/Prefabs/Buildings/Simple/SM_Buildings_WallDoorDouble_3x3_01.prefab
  artifactKey: Guid(6c9c8f866a80807479f0038322f300da) Importer(815301076,1909f56bfc062723c751e8b465ee728b)
Start importing Assets/SyntyStudios/PolygonStarter/PolygonPrototype/Prefabs/Buildings/Simple/SM_Buildings_WallDoorDouble_3x3_01.prefab using Guid(6c9c8f866a80807479f0038322f300da) Importer(815301076,1909f56bfc062723c751e8b465ee728b)  -> (artifact id: '6da5b51c7d1f269f12520068123db129') in 0.011854 seconds 
========================================================================
Received Import Request.
  Time since last request: 0.000030 seconds.
  path: Assets/SyntyStudios/PolygonCity/Prefabs/Environments/SM_Env_Bridge_Pillar_01.prefab
  artifactKey: Guid(b319c45f7bb0a5f49a903d4b26bdcd4b) Importer(815301076,1909f56bfc062723c751e8b465ee728b)
Start importing Assets/SyntyStudios/PolygonCity/Prefabs/Environments/SM_Env_Bridge_Pillar_01.prefab using Guid(b319c45f7bb0a5f49a903d4b26bdcd4b) Importer(815301076,1909f56bfc062723c751e8b465ee728b)  -> (artifact id: '2eca664cfd31e921591e63f52bb42088') in 0.022051 seconds 
========================================================================
Received Import Request.
  Time since last request: 0.000036 seconds.
  path: Assets/SyntyStudios/PolygonStarter/PolygonPrototype/Prefabs/Buildings/SM_Buildings_WindowGlass_01.prefab
  artifactKey: Guid(22d9af586ef4a6149be2e7f541bfd2e7) Importer(815301076,1909f56bfc062723c751e8b465ee728b)
Start importing Assets/SyntyStudios/PolygonStarter/PolygonPrototype/Prefabs/Buildings/SM_Buildings_WindowGlass_01.prefab using Guid(22d9af586ef4a6149be2e7f541bfd2e7) Importer(815301076,1909f56bfc062723c751e8b465ee728b)  -> (artifact id: '954ba2d39544cfd751db35d9513f0aaf') in 0.018962 seconds 
========================================================================
Received Import Request.
  Time since last request: 0.000027 seconds.
  path: Assets/SyntyStudios/PolygonStarter/PolygonPrototype/Prefabs/Buildings/Polygon/SM_Buildings_WallDoor_5x3_01P.prefab
  artifactKey: Guid(5af8c7596fa30f04f8fa65a374010693) Importer(815301076,1909f56bfc062723c751e8b465ee728b)
Start importing Assets/SyntyStudios/PolygonStarter/PolygonPrototype/Prefabs/Buildings/Polygon/SM_Buildings_WallDoor_5x3_01P.prefab using Guid(5af8c7596fa30f04f8fa65a374010693) Importer(815301076,1909f56bfc062723c751e8b465ee728b)  -> (artifact id: 'ff121582f10adfc676c57982ded9fd23') in 0.016867 seconds 
========================================================================
Received Import Request.
  Time since last request: 0.000025 seconds.
  path: Assets/SyntyStudios/PolygonStarter/PolygonPrototype/Prefabs/Buildings/Simple/SM_Buildings_WallWindow_5x3_01.prefab
  artifactKey: Guid(5b1d1e0afbc306648ba00b80061f5870) Importer(815301076,1909f56bfc062723c751e8b465ee728b)
Start importing Assets/SyntyStudios/PolygonStarter/PolygonPrototype/Prefabs/Buildings/Simple/SM_Buildings_WallWindow_5x3_01.prefab using Guid(5b1d1e0afbc306648ba00b80061f5870) Importer(815301076,1909f56bfc062723c751e8b465ee728b)  -> (artifact id: '2d6a1054ddaecc62ab47476cd933e00e') in 0.017658 seconds 
========================================================================
Received Import Request.
  Time since last request: 0.000032 seconds.
  path: Assets/SyntyStudios/PolygonCity/Prefabs/Environments/SM_Env_Bridge_Support_01.prefab
  artifactKey: Guid(f2ca19289c480c447ba0542e93b13da1) Importer(815301076,1909f56bfc062723c751e8b465ee728b)
Start importing Assets/SyntyStudios/PolygonCity/Prefabs/Environments/SM_Env_Bridge_Support_01.prefab using Guid(f2ca19289c480c447ba0542e93b13da1) Importer(815301076,1909f56bfc062723c751e8b465ee728b)  -> (artifact id: '20d14191fab22f087ad983c1b2a91e3a') in 0.026588 seconds 
Editor requested this worker to shutdown with reason: Scaling down because of idle timeout
AssetImportWorker is now disconnected from the server
Process exiting
Exiting without the bug reporter. Application will terminate with return code 0