Using pre-set license
Built from '2021.3/staging' branch; Version is '2021.3.9f1 (ad3870b89536) revision 11352176'; Using compiler version '192829333'; Build Type 'Release'
OS: 'Windows 11  (10.0.22621) 64bit Core' Language: 'en' Physical Memory: 16088 MB
BatchMode: 1, IsHumanControllingUs: 0, StartBugReporterOnCrash: 0, Is64bit: 1, IsPro: 1

COMMAND LINE ARGUMENTS:
C:\Program Files\Unity\Hub\Editor\2021.3.9f1\Editor\Unity.exe
-adb2
-batchMode
-noUpm
-name
AssetImportWorker12
-projectPath
C:/Users/chris/CoolTester1
-logFile
Logs/AssetImportWorker12.log
-srvPort
52332
Successfully changed project path to: C:/Users/chris/CoolTester1
C:/Users/chris/CoolTester1
[UnityMemory] Configuration Parameters - Can be set up in boot.config
    "memorysetup-bucket-allocator-granularity=16"
    "memorysetup-bucket-allocator-bucket-count=8"
    "memorysetup-bucket-allocator-block-size=33554432"
    "memorysetup-bucket-allocator-block-count=8"
    "memorysetup-main-allocator-block-size=16777216"
    "memorysetup-thread-allocator-block-size=16777216"
    "memorysetup-gfx-main-allocator-block-size=16777216"
    "memorysetup-gfx-thread-allocator-block-size=16777216"
    "memorysetup-cache-allocator-block-size=4194304"
    "memorysetup-typetree-allocator-block-size=2097152"
    "memorysetup-profiler-bucket-allocator-granularity=16"
    "memorysetup-profiler-bucket-allocator-bucket-count=8"
    "memorysetup-profiler-bucket-allocator-block-size=33554432"
    "memorysetup-profiler-bucket-allocator-block-count=8"
    "memorysetup-profiler-allocator-block-size=16777216"
    "memorysetup-profiler-editor-allocator-block-size=1048576"
    "memorysetup-temp-allocator-size-main=16777216"
    "memorysetup-job-temp-allocator-block-size=2097152"
    "memorysetup-job-temp-allocator-block-size-background=1048576"
    "memorysetup-job-temp-allocator-reduction-small-platforms=262144"
    "memorysetup-temp-allocator-size-background-worker=32768"
    "memorysetup-temp-allocator-size-job-worker=262144"
    "memorysetup-temp-allocator-size-preload-manager=33554432"
    "memorysetup-temp-allocator-size-nav-mesh-worker=65536"
    "memorysetup-temp-allocator-size-audio-worker=65536"
    "memorysetup-temp-allocator-size-cloud-worker=32768"
    "memorysetup-temp-allocator-size-gi-baking-worker=262144"
    "memorysetup-temp-allocator-size-gfx=262144"
Refreshing native plugins compatible for Editor in 132.34 ms, found 3 plugins.
Preloading 0 native plugins for Editor in 0.00 ms.
Initialize engine version: 2021.3.9f1 (ad3870b89536)
[Subsystems] Discovering subsystems at path C:/Program Files/Unity/Hub/Editor/2021.3.9f1/Editor/Data/Resources/UnitySubsystems
[Subsystems] Discovering subsystems at path C:/Users/chris/CoolTester1/Assets
GfxDevice: creating device client; threaded=0; jobified=0
Direct3D:
    Version:  Direct3D 11.0 [level 11.1]
    Renderer: NVIDIA GeForce RTX 3060 Laptop GPU (ID=0x2520)
    Vendor:   NVIDIA
    VRAM:     6023 MB
    Driver:   30.0.15.1274
Initialize mono
Mono path[0] = 'C:/Program Files/Unity/Hub/Editor/2021.3.9f1/Editor/Data/Managed'
Mono path[1] = 'C:/Program Files/Unity/Hub/Editor/2021.3.9f1/Editor/Data/MonoBleedingEdge/lib/mono/unityjit-win32'
Mono config path = 'C:/Program Files/Unity/Hub/Editor/2021.3.9f1/Editor/Data/MonoBleedingEdge/etc'
Using monoOptions --debugger-agent=transport=dt_socket,embedding=1,server=y,suspend=n,address=127.0.0.1:56124
Begin MonoManager ReloadAssembly
Registering precompiled unity dll's ...
Register platform support module: C:/Program Files/Unity/Hub/Editor/2021.3.9f1/Editor/Data/PlaybackEngines/WebGLSupport/UnityEditor.WebGL.Extensions.dll
Register platform support module: C:/Program Files/Unity/Hub/Editor/2021.3.9f1/Editor/Data/PlaybackEngines/AndroidPlayer/UnityEditor.Android.Extensions.dll
Register platform support module: C:/Program Files/Unity/Hub/Editor/2021.3.9f1/Editor/Data/PlaybackEngines/iOSSupport/UnityEditor.iOS.Extensions.dll
Register platform support module: C:/Program Files/Unity/Hub/Editor/2021.3.9f1/Editor/Data/PlaybackEngines/WindowsStandaloneSupport/UnityEditor.WindowsStandalone.Extensions.dll
Register platform support module: C:/Program Files/Unity/Hub/Editor/2021.3.9f1/Editor/Data/PlaybackEngines/MetroSupport/UnityEditor.UWP.Extensions.dll
Registered in 0.007453 seconds.
Native extension for UWP target not found
Native extension for WindowsStandalone target not found
[usbmuxd] Start listen thread
[usbmuxd] Listen thread started
Native extension for iOS target not found
Native extension for Android target not found
Native extension for WebGL target not found
Refreshing native plugins compatible for Editor in 101.11 ms, found 3 plugins.
Preloading 0 native plugins for Editor in 0.00 ms.
Mono: successfully reloaded assembly
- Completed reload, in  0.825 seconds
Domain Reload Profiling:
	ReloadAssembly (826ms)
		BeginReloadAssembly (97ms)
			ExecutionOrderSort (0ms)
			DisableScriptedObjects (0ms)
			BackupInstance (0ms)
			ReleaseScriptingObjects (0ms)
			CreateAndSetChildDomain (0ms)
		EndReloadAssembly (621ms)
			LoadAssemblies (99ms)
			RebuildTransferFunctionScriptingTraits (0ms)
			SetupTypeCache (183ms)
			ReleaseScriptCaches (0ms)
			RebuildScriptCaches (22ms)
			SetupLoadedEditorAssemblies (355ms)
				LogAssemblyErrors (0ms)
				InitializePlatformSupportModulesInManaged (111ms)
				SetLoadedEditorAssemblies (0ms)
				RefreshPlugins (101ms)
				BeforeProcessingInitializeOnLoad (1ms)
				ProcessInitializeOnLoadAttributes (98ms)
				ProcessInitializeOnLoadMethodAttributes (44ms)
				AfterProcessingInitializeOnLoad (0ms)
				EditorAssembliesLoaded (0ms)
			ExecutionOrderSort2 (0ms)
			AwakeInstancesAfterBackupRestoration (0ms)
Platform modules already initialized, skipping
Registering precompiled user dll's ...
Registered in 0.006739 seconds.
Begin MonoManager ReloadAssembly
Symbol file LoadedFromMemory doesn't match image C:\Users\chris\CoolTester1\Library\PackageCache\com.unity.visualscripting@1.7.8\Editor\VisualScripting.Core\Dependencies\YamlDotNet\Unity.VisualScripting.YamlDotNet.dll
Symbol file LoadedFromMemory doesn't match image C:\Users\chris\CoolTester1\Library\PackageCache\com.unity.visualscripting@1.7.8\Editor\VisualScripting.Core\Dependencies\DotNetZip\Unity.VisualScripting.IonicZip.dll
Native extension for UWP target not found
Native extension for WindowsStandalone target not found
Native extension for iOS target not found
Native extension for Android target not found
Native extension for WebGL target not found
Refreshing native plugins compatible for Editor in 130.19 ms, found 3 plugins.
Preloading 0 native plugins for Editor in 0.00 ms.
Mono: successfully reloaded assembly
- Completed reload, in  1.367 seconds
Domain Reload Profiling:
	ReloadAssembly (1368ms)
		BeginReloadAssembly (208ms)
			ExecutionOrderSort (0ms)
			DisableScriptedObjects (4ms)
			BackupInstance (0ms)
			ReleaseScriptingObjects (0ms)
			CreateAndSetChildDomain (126ms)
		EndReloadAssembly (1079ms)
			LoadAssemblies (97ms)
			RebuildTransferFunctionScriptingTraits (0ms)
			SetupTypeCache (264ms)
			ReleaseScriptCaches (1ms)
			RebuildScriptCaches (53ms)
			SetupLoadedEditorAssemblies (626ms)
				LogAssemblyErrors (0ms)
				InitializePlatformSupportModulesInManaged (27ms)
				SetLoadedEditorAssemblies (0ms)
				RefreshPlugins (130ms)
				BeforeProcessingInitializeOnLoad (89ms)
				ProcessInitializeOnLoadAttributes (304ms)
				ProcessInitializeOnLoadMethodAttributes (69ms)
				AfterProcessingInitializeOnLoad (6ms)
				EditorAssembliesLoaded (0ms)
			ExecutionOrderSort2 (0ms)
			AwakeInstancesAfterBackupRestoration (4ms)
Platform modules already initialized, skipping
========================================================================
Worker process is ready to serve import requests
Launched and connected shader compiler UnityShaderCompiler.exe after 0.05 seconds
Refreshing native plugins compatible for Editor in 1.10 ms, found 3 plugins.
Preloading 0 native plugins for Editor in 0.00 ms.
Unloading 5612 Unused Serialized files (Serialized files now loaded: 0)
Unloading 42 unused Assets / (0.7 MB). Loaded Objects now: 6079.
Memory consumption went from 301.7 MB to 301.0 MB.
Total: 3.843500 ms (FindLiveObjects: 0.311400 ms CreateObjectMapping: 0.202000 ms MarkObjects: 3.066800 ms  DeleteObjects: 0.262200 ms)

AssetImportParameters requested are different than current active one (requested -> active):
  custom:video-decoder-ogg-theora: a1e56fd34408186e4bbccfd4996cb3dc -> 
  custom:container-muxer-webm: aa71ff27fc2769a1b78a27578f13a17b -> 
  custom:container-demuxer-webm: 4f35f7cbe854078d1ac9338744f61a02 -> 
  custom:video-encoder-webm-vp8: eb34c28f22e8b96e1ab97ce403110664 -> 
  custom:audio-encoder-webm-vorbis: bf7c407c2cedff20999df2af8eb42d56 -> 
  custom:framework-win-MediaFoundation: 216162199b28c13a410421893ffa2e32 -> 
  custom:container-demuxer-ogg: 62fdf1f143b41e24485cea50d1cbac27 -> 
  custom:video-decoder-webm-vp8: 9c59270c3fd7afecdb556c50c9e8de78 -> 
  custom:audio-decoder-ogg-vorbis: bf7c407c2cedff20999df2af8eb42d56 -> 
========================================================================
Received Import Request.
  Time since last request: 584367.000007 seconds.
  path: Assets/Sherbbs Particle Collection/Particles/Trails/EtherialTrail.prefab
  artifactKey: Guid(ac1eb58333177014ca6f8c95cc1a7273) Importer(815301076,1909f56bfc062723c751e8b465ee728b)
Start importing Assets/Sherbbs Particle Collection/Particles/Trails/EtherialTrail.prefab using Guid(ac1eb58333177014ca6f8c95cc1a7273) Importer(815301076,1909f56bfc062723c751e8b465ee728b)  -> (artifact id: '9a6504d2f59ac7c3b27797f7f1c17812') in 0.247022 seconds 
========================================================================
Received Import Request.
  Time since last request: 1.155350 seconds.
  path: Assets/Sherbbs Particle Collection/Materials/VertexUnlitGlowCircle.mat
  artifactKey: Guid(63c277894672e024897840a609c424ca) Importer(815301076,1909f56bfc062723c751e8b465ee728b)
Start importing Assets/Sherbbs Particle Collection/Materials/VertexUnlitGlowCircle.mat using Guid(63c277894672e024897840a609c424ca) Importer(815301076,1909f56bfc062723c751e8b465ee728b)  -> (artifact id: 'e55aea1d6d148db0926e1c11cc159e06') in 0.038636 seconds 
========================================================================
Received Prepare
Registering precompiled user dll's ...
Registered in 0.007016 seconds.
Begin MonoManager ReloadAssembly
Symbol file LoadedFromMemory doesn't match image C:\Users\chris\CoolTester1\Library\PackageCache\com.unity.visualscripting@1.7.8\Editor\VisualScripting.Core\Dependencies\YamlDotNet\Unity.VisualScripting.YamlDotNet.dll
Symbol file LoadedFromMemory doesn't match image C:\Users\chris\CoolTester1\Library\PackageCache\com.unity.visualscripting@1.7.8\Editor\VisualScripting.Core\Dependencies\DotNetZip\Unity.VisualScripting.IonicZip.dll
Native extension for UWP target not found
Native extension for WindowsStandalone target not found
Native extension for iOS target not found
Native extension for Android target not found
Native extension for WebGL target not found
Refreshing native plugins compatible for Editor in 1.59 ms, found 3 plugins.
Preloading 0 native plugins for Editor in 0.00 ms.
Mono: successfully reloaded assembly
- Completed reload, in  1.336 seconds
Domain Reload Profiling:
	ReloadAssembly (1336ms)
		BeginReloadAssembly (122ms)
			ExecutionOrderSort (0ms)
			DisableScriptedObjects (6ms)
			BackupInstance (0ms)
			ReleaseScriptingObjects (0ms)
			CreateAndSetChildDomain (40ms)
		EndReloadAssembly (1137ms)
			LoadAssemblies (108ms)
			RebuildTransferFunctionScriptingTraits (0ms)
			SetupTypeCache (319ms)
			ReleaseScriptCaches (2ms)
			RebuildScriptCaches (47ms)
			SetupLoadedEditorAssemblies (570ms)
				LogAssemblyErrors (0ms)
				InitializePlatformSupportModulesInManaged (45ms)
				SetLoadedEditorAssemblies (1ms)
				RefreshPlugins (2ms)
				BeforeProcessingInitializeOnLoad (101ms)
				ProcessInitializeOnLoadAttributes (348ms)
				ProcessInitializeOnLoadMethodAttributes (67ms)
				AfterProcessingInitializeOnLoad (6ms)
				EditorAssembliesLoaded (0ms)
			ExecutionOrderSort2 (0ms)
			AwakeInstancesAfterBackupRestoration (9ms)
Platform modules already initialized, skipping
Shader 'Hidden/FXAA Preset 2': fallback shader 'Hidden/FXAA II' not found
Shader 'Hidden/FXAA Preset 3': fallback shader 'Hidden/FXAA II' not found
Refreshing native plugins compatible for Editor in 2.82 ms, found 3 plugins.
Preloading 0 native plugins for Editor in 0.00 ms.
Unloading 5623 Unused Serialized files (Serialized files now loaded: 0)
Unloading 94 unused Assets / (5.3 MB). Loaded Objects now: 6237.
Memory consumption went from 314.7 MB to 309.4 MB.
Total: 4.633700 ms (FindLiveObjects: 0.303100 ms CreateObjectMapping: 0.178700 ms MarkObjects: 2.629000 ms  DeleteObjects: 1.521900 ms)

AssetImportParameters requested are different than current active one (requested -> active):
  custom:video-decoder-ogg-theora: a1e56fd34408186e4bbccfd4996cb3dc -> 
  custom:container-muxer-webm: aa71ff27fc2769a1b78a27578f13a17b -> 
  custom:container-demuxer-webm: 4f35f7cbe854078d1ac9338744f61a02 -> 
  custom:video-encoder-webm-vp8: eb34c28f22e8b96e1ab97ce403110664 -> 
  custom:audio-encoder-webm-vorbis: bf7c407c2cedff20999df2af8eb42d56 -> 
  custom:framework-win-MediaFoundation: 216162199b28c13a410421893ffa2e32 -> 
  custom:container-demuxer-ogg: 62fdf1f143b41e24485cea50d1cbac27 -> 
  custom:video-decoder-webm-vp8: 9c59270c3fd7afecdb556c50c9e8de78 -> 
  custom:audio-decoder-ogg-vorbis: bf7c407c2cedff20999df2af8eb42d56 -> 
========================================================================
Received Import Request.
  Time since last request: 146.353411 seconds.
  path: Assets/Sherbbs Particle Collection/Mesh/Triangle.fbx
  artifactKey: Guid(ecab19b8d4e8b1641a4bf38a91e9325a) Importer(815301076,1909f56bfc062723c751e8b465ee728b)
Start importing Assets/Sherbbs Particle Collection/Mesh/Triangle.fbx using Guid(ecab19b8d4e8b1641a4bf38a91e9325a) Importer(815301076,1909f56bfc062723c751e8b465ee728b)  -> (artifact id: 'b45000a859ea2536e7c962adcf97d04f') in 0.192538 seconds 
========================================================================
Received Import Request.
  Time since last request: 0.000043 seconds.
  path: Assets/Sherbbs Particle Collection/Mesh/WireIco.fbx
  artifactKey: Guid(d19d519526fe1c44e9df4e7a1b5d97cc) Importer(815301076,1909f56bfc062723c751e8b465ee728b)
Start importing Assets/Sherbbs Particle Collection/Mesh/WireIco.fbx using Guid(d19d519526fe1c44e9df4e7a1b5d97cc) Importer(815301076,1909f56bfc062723c751e8b465ee728b)  -> (artifact id: '3ce11639ac43f3a50fc77db1d662fd7e') in 0.024299 seconds 
========================================================================
Received Import Request.
  Time since last request: 26.009337 seconds.
  path: Assets/PE2D/Particle Effects/Prefabs/Particle.prefab
  artifactKey: Guid(9d6c0fa203b314ca4a8f296d13a8bc5b) Importer(815301076,1909f56bfc062723c751e8b465ee728b)
Start importing Assets/PE2D/Particle Effects/Prefabs/Particle.prefab using Guid(9d6c0fa203b314ca4a8f296d13a8bc5b) Importer(815301076,1909f56bfc062723c751e8b465ee728b)  -> (artifact id: 'dde32126b41aae06574fc96fc8e054f7') in 0.028037 seconds 
========================================================================
Received Import Request.
  Time since last request: 0.000913 seconds.
  path: Assets/PE2D/Particle Effects/Prefabs/Effectors/Particle Effector Black Hole.prefab
  artifactKey: Guid(2ec64de70257b405b9ca2a4527e8c96a) Importer(815301076,1909f56bfc062723c751e8b465ee728b)
Start importing Assets/PE2D/Particle Effects/Prefabs/Effectors/Particle Effector Black Hole.prefab using Guid(2ec64de70257b405b9ca2a4527e8c96a) Importer(815301076,1909f56bfc062723c751e8b465ee728b)  -> (artifact id: 'ab65a141f2b3a251f92a4e7591200230') in 0.011606 seconds 
========================================================================
Received Import Request.
  Time since last request: 0.009195 seconds.
  path: Assets/PE2D/Particle Effects/Prefabs/Emitters/ParticleEmitter_1.prefab
  artifactKey: Guid(2fb0302990a9b4bd9ae16b7d05144a48) Importer(815301076,1909f56bfc062723c751e8b465ee728b)
Start importing Assets/PE2D/Particle Effects/Prefabs/Emitters/ParticleEmitter_1.prefab using Guid(2fb0302990a9b4bd9ae16b7d05144a48) Importer(815301076,1909f56bfc062723c751e8b465ee728b)  -> (artifact id: 'cb645179833f3ebfb777f7448884455d') in 0.007180 seconds 
========================================================================
Received Import Request.
  Time since last request: 0.000058 seconds.
  path: Assets/PE2D/Particle Effects/Prefabs/Emitters/ParticleEmitter_4.prefab
  artifactKey: Guid(8bf4926208a69487cbea53ecc9fcf150) Importer(815301076,1909f56bfc062723c751e8b465ee728b)
Start importing Assets/PE2D/Particle Effects/Prefabs/Emitters/ParticleEmitter_4.prefab using Guid(8bf4926208a69487cbea53ecc9fcf150) Importer(815301076,1909f56bfc062723c751e8b465ee728b)  -> (artifact id: 'bb2d8dc316588b47f002f7c17b7e7d1e') in 0.008140 seconds 
========================================================================
Received Import Request.
  Time since last request: 0.000112 seconds.
  path: Assets/PE2D/Particle Effects/Prefabs/Emitters/ParticleEmitter_3.prefab
  artifactKey: Guid(205f9b4604580492eaa84a8d351b9b24) Importer(815301076,1909f56bfc062723c751e8b465ee728b)
Start importing Assets/PE2D/Particle Effects/Prefabs/Emitters/ParticleEmitter_3.prefab using Guid(205f9b4604580492eaa84a8d351b9b24) Importer(815301076,1909f56bfc062723c751e8b465ee728b)  -> (artifact id: '0ffc4b036fdf12dd1d07ef99a40be496') in 0.007557 seconds 
Editor requested this worker to shutdown with reason: Scaling down because of idle timeout
AssetImportWorker is now disconnected from the server
Process exiting
Exiting without the bug reporter. Application will terminate with return code 0